2020-11-02 00:01:19,029 - D:\CodeBase\auto\autoUI\utils\logger.py [line:132] - 21988 - 21520 - autoUI-2020_11_02 - INFO: [32m[1m==========å¼€å§‹ UIè‡ªåŠ¨åŒ–é¡¹ç›® æ‰§è¡Œæµ‹è¯•===========[0m
2020-11-02 00:01:19,031 - D:\CodeBase\auto\autoUI\utils\logger.py [line:132] - 21988 - 21520 - autoUI-2020_11_02 - INFO: [32m[1mYou had select Chrome - browser.[0m
2020-11-02 00:01:23,426 - D:\CodeBase\auto\autoUI\utils\logger.py [line:132] - 21988 - 21520 - autoUI-2020_11_02 - INFO: [32m[1mMaximize the current window.[0m
2020-11-02 00:01:23,428 - D:\CodeBase\auto\autoUI\utils\logger.py [line:132] - 21988 - 21520 - autoUI-2020_11_02 - INFO: [32m[1mSet implicitly wait 10 seconds.[0m
2020-11-02 00:01:25,071 - D:\CodeBase\auto\autoUI\utils\logger.py [line:132] - 21988 - 21520 - autoUI-2020_11_02 - INFO: [32m[1mVisit the web url - http://www.woshipm.com/.[0m
2020-11-02 00:01:25,072 - D:\CodeBase\auto\autoUI\utils\logger.py [line:132] - 21988 - 21520 - autoUI-2020_11_02 - INFO: [32m[1m==========å¼€å§‹æ‰§è¡Œæµ‹è¯•ç”¨ä¾‹é›†===========[0m
2020-11-02 00:01:25,073 - D:\CodeBase\auto\autoUI\utils\logger.py [line:132] - 21988 - 21520 - autoUI-2020_11_02 - INFO: [32m[1m-------------------- <selenium.webdriver.chrome.webdriver.WebDriver (session="310e9d6e57bd2cf87aff6ea9d2a22c56")> ------------------------[0m
2020-11-02 00:01:25,076 - D:\CodeBase\auto\autoUI\utils\logger.py [line:132] - 21988 - 21520 - autoUI-2020_11_02 - INFO: [32m[1m æ‰§è¡Œ test_login_success æµ‹è¯•ç”¨ä¾‹ [0m
2020-11-02 00:01:25,077 - D:\CodeBase\auto\autoUI\utils\logger.py [line:132] - 21988 - 21520 - autoUI-2020_11_02 - INFO: [32m[1mæ­£å¸¸ç™»å½•æµ‹è¯•ç”¨ä¾‹[0m
2020-11-02 00:01:25,077 - D:\CodeBase\auto\autoUI\utils\logger.py [line:132] - 21988 - 21520 - autoUI-2020_11_02 - INFO: [32m[1mç™»å½•é¡µé¢_ç™»å½•åŠŸèƒ½,ç‚¹å‡»é¡µé¢å…ƒç´ :xpath=>//header[@class='pm--metabar']//div/div[4]/span[0m
2020-11-02 00:01:25,902 - D:\CodeBase\auto\autoUI\utils\logger.py [line:132] - 21988 - 21520 - autoUI-2020_11_02 - INFO: [32m[1mç™»å½•é¡µé¢_ç™»å½•åŠŸèƒ½,åˆ‡æ¢é¡µé¢è¡¨å•:xpath=>//iframe[starts-with(@id, 'top_login_frame')][0m
2020-11-02 00:01:25,944 - D:\CodeBase\auto\autoUI\utils\logger.py [line:132] - 21988 - 21520 - autoUI-2020_11_02 - INFO: [32m[1mç™»å½•é¡µé¢_ç™»å½•åŠŸèƒ½,ç‚¹å‡»é¡µé¢å…ƒç´ :xpath=>//div[@class='tc-lo-main height515']/div[3][0m
2020-11-02 00:01:26,432 - D:\CodeBase\auto\autoUI\utils\logger.py [line:132] - 21988 - 21520 - autoUI-2020_11_02 - INFO: [32m[1mç™»å½•é¡µé¢_ç™»å½•åŠŸèƒ½ - é¡µé¢å…ƒç´ :xpath=>//div[@class='password-login-content wcc-small-form']/form/ul/li/input è¾“å…¥å€¼ 18144854885[0m
2020-11-02 00:01:26,603 - D:\CodeBase\auto\autoUI\utils\logger.py [line:132] - 21988 - 21520 - autoUI-2020_11_02 - INFO: [32m[1mç™»å½•é¡µé¢_ç™»å½•åŠŸèƒ½ - é¡µé¢å…ƒç´ :xpath=>//div[@class='password-login-content wcc-small-form']/form/ul/li[2]/input è¾“å…¥å€¼ lyj19564359[0m
2020-11-02 00:01:26,763 - D:\CodeBase\auto\autoUI\utils\logger.py [line:132] - 21988 - 21520 - autoUI-2020_11_02 - INFO: [32m[1mç™»å½•é¡µé¢_ç™»å½•åŠŸèƒ½,ç‚¹å‡»é¡µé¢å…ƒç´ :xpath=>//div[@class='password-login-content wcc-small-form']/form/p[0m
2020-11-02 00:01:26,930 - D:\CodeBase\auto\autoUI\utils\logger.py [line:132] - 21988 - 21520 - autoUI-2020_11_02 - INFO: [32m[1mç™»å½•é¡µé¢_ç™»å½•åŠŸèƒ½,åˆ‡æ¢åˆ°ä¸»é¡µé¢ - switch back to default iframe[0m
2020-11-02 00:01:26,936 - D:\CodeBase\auto\autoUI\utils\logger.py [line:132] - 21988 - 21520 - autoUI-2020_11_02 - INFO: [32m[1mæœŸæœ›å€¼ï¼šTrue[0m
2020-11-02 00:01:26,936 - D:\CodeBase\auto\autoUI\utils\logger.py [line:132] - 21988 - 21520 - autoUI-2020_11_02 - INFO: [32m[1mç”¨æˆ·ç®¡ç†é¡µé¢_éªŒè¯ç™»å½•åŠŸèƒ½ - é¼ æ ‡æ‚¬åœæ“ä½œ[0m
2020-11-02 00:01:29,134 - D:\CodeBase\auto\autoUI\utils\logger.py [line:132] - 21988 - 21520 - autoUI-2020_11_02 - INFO: [32m[1mç”¨æˆ·ç®¡ç†é¡µé¢_éªŒè¯ç™»å½•åŠŸèƒ½,è·å–é¡µé¢å…ƒç´ å±æ€§:xpath=>//header[@class='pm--metabar']/div/div/div[5]/div/div[2]/div[2]/div[2]/a[0m
2020-11-02 00:01:29,134 - D:\CodeBase\auto\autoUI\utils\logger.py [line:136] - 21988 - 21520 - autoUI-2020_11_02 - ERROR: [31m[1mç”¨æˆ·ç®¡ç†é¡µé¢_éªŒè¯ç™»å½•åŠŸèƒ½,é¡µé¢å…ƒç´ çš„å±æ€§è·å– å¤±è´¥ï¼ï¼ï¼[0m
2020-11-02 00:01:29,135 - D:\CodeBase\auto\autoUI\utils\logger.py [line:132] - 21988 - 21520 - autoUI-2020_11_02 - INFO: [32m[1må®é™…å€¼ï¼šFalse[0m
2020-11-02 00:01:29,135 - D:\CodeBase\auto\autoUI\utils\logger.py [line:132] - 21988 - 21520 - autoUI-2020_11_02 - INFO: [32m[1mç”¨æˆ·ç®¡ç†é¡µé¢_éªŒè¯ç™»å½•åŠŸèƒ½ - é¼ æ ‡æ‚¬åœæ“ä½œ[0m
2020-11-02 00:01:29,163 - D:\CodeBase\auto\autoUI\utils\logger.py [line:132] - 21988 - 21520 - autoUI-2020_11_02 - INFO: [32m[1mç”¨æˆ·ç®¡ç†é¡µé¢_éªŒè¯ç™»å½•åŠŸèƒ½,è·å–é¡µé¢å…ƒç´ å±æ€§:xpath=>//header[@class='pm--metabar']/div/div/div[5]/div/div[2]/div[2]/div[2]/a[0m
2020-11-02 00:01:29,164 - D:\CodeBase\auto\autoUI\utils\logger.py [line:136] - 21988 - 21520 - autoUI-2020_11_02 - ERROR: [31m[1mç”¨æˆ·ç®¡ç†é¡µé¢_éªŒè¯ç™»å½•åŠŸèƒ½,é¡µé¢å…ƒç´ çš„å±æ€§è·å– å¤±è´¥ï¼ï¼ï¼[0m
2020-11-02 00:01:29,164 - D:\CodeBase\auto\autoUI\utils\logger.py [line:136] - 21988 - 21520 - autoUI-2020_11_02 - ERROR: [31m[1m ç»“æŸæ‰§è¡Œ test_login_success æµ‹è¯•ç”¨ä¾‹ï¼Œ æµ‹è¯•ç»“æœ --- False [0m
2020-11-02 00:01:30,369 - D:\CodeBase\auto\autoUI\utils\logger.py [line:132] - 21988 - 21520 - autoUI-2020_11_02 - INFO: [32m[1mç™»å½•åŠŸèƒ½-æ­£å¸¸æµ‹è¯•-å¼‚å¸¸æˆªå›¾æˆªå›¾æˆåŠŸï¼Œå›¾ç‰‡è·¯å¾„ä¸º: ç™»å½•åŠŸèƒ½-æ­£å¸¸æµ‹è¯•-å¼‚å¸¸æˆªå›¾[0m
2020-11-02 00:01:30,487 - D:\CodeBase\auto\autoUI\utils\logger.py [line:132] - 21988 - 21520 - autoUI-2020_11_02 - INFO: [32m[1m==========ç»“æŸæ‰§è¡Œæµ‹è¯•ç”¨ä¾‹é›†===========[0m
2020-11-02 00:01:30,487 - D:\CodeBase\auto\autoUI\utils\logger.py [line:132] - 21988 - 21520 - autoUI-2020_11_02 - INFO: [32m[1m==========ç»“æŸ UIè‡ªåŠ¨åŒ–é¡¹ç›® æµ‹è¯•===========[0m
2020-11-02 00:02:32,810 - D:\CodeBase\auto\autoUI\utils\logger.py [line:132] - 19908 - 17540 - autoUI-2020_11_02 - INFO: [32m[1m==========å¼€å§‹ UIè‡ªåŠ¨åŒ–é¡¹ç›® æ‰§è¡Œæµ‹è¯•===========[0m
2020-11-02 00:02:32,812 - D:\CodeBase\auto\autoUI\utils\logger.py [line:132] - 19908 - 17540 - autoUI-2020_11_02 - INFO: [32m[1mYou had select Chrome - browser.[0m
2020-11-02 00:02:36,918 - D:\CodeBase\auto\autoUI\utils\logger.py [line:132] - 19908 - 17540 - autoUI-2020_11_02 - INFO: [32m[1mMaximize the current window.[0m
2020-11-02 00:02:36,920 - D:\CodeBase\auto\autoUI\utils\logger.py [line:132] - 19908 - 17540 - autoUI-2020_11_02 - INFO: [32m[1mSet implicitly wait 10 seconds.[0m
2020-11-02 00:02:38,674 - D:\CodeBase\auto\autoUI\utils\logger.py [line:132] - 19908 - 17540 - autoUI-2020_11_02 - INFO: [32m[1mVisit the web url - http://www.woshipm.com/.[0m
2020-11-02 00:02:38,675 - D:\CodeBase\auto\autoUI\utils\logger.py [line:132] - 19908 - 17540 - autoUI-2020_11_02 - INFO: [32m[1m==========å¼€å§‹æ‰§è¡Œæµ‹è¯•ç”¨ä¾‹é›†===========[0m
2020-11-02 00:02:38,675 - D:\CodeBase\auto\autoUI\utils\logger.py [line:132] - 19908 - 17540 - autoUI-2020_11_02 - INFO: [32m[1m-------------------- <selenium.webdriver.chrome.webdriver.WebDriver (session="0d9e1de81e4864793c7737bbe7528297")> ------------------------[0m
2020-11-02 00:02:38,677 - D:\CodeBase\auto\autoUI\utils\logger.py [line:132] - 19908 - 17540 - autoUI-2020_11_02 - INFO: [32m[1m æ‰§è¡Œ test_login_success æµ‹è¯•ç”¨ä¾‹ [0m
2020-11-02 00:02:38,678 - D:\CodeBase\auto\autoUI\utils\logger.py [line:132] - 19908 - 17540 - autoUI-2020_11_02 - INFO: [32m[1mæ­£å¸¸ç™»å½•æµ‹è¯•ç”¨ä¾‹[0m
2020-11-02 00:02:38,678 - D:\CodeBase\auto\autoUI\utils\logger.py [line:132] - 19908 - 17540 - autoUI-2020_11_02 - INFO: [32m[1mç™»å½•é¡µé¢_ç™»å½•åŠŸèƒ½,ç‚¹å‡»é¡µé¢å…ƒç´ :xpath=>//header[@class='pm--metabar']//div/div[4]/span[0m
2020-11-02 00:02:39,547 - D:\CodeBase\auto\autoUI\utils\logger.py [line:132] - 19908 - 17540 - autoUI-2020_11_02 - INFO: [32m[1mç™»å½•é¡µé¢_ç™»å½•åŠŸèƒ½,åˆ‡æ¢é¡µé¢è¡¨å•:xpath=>//iframe[starts-with(@id, 'top_login_frame')][0m
2020-11-02 00:02:39,604 - D:\CodeBase\auto\autoUI\utils\logger.py [line:132] - 19908 - 17540 - autoUI-2020_11_02 - INFO: [32m[1mç™»å½•é¡µé¢_ç™»å½•åŠŸèƒ½,ç‚¹å‡»é¡µé¢å…ƒç´ :xpath=>//div[@class='tc-lo-main height515']/div[3][0m
2020-11-02 00:02:40,072 - D:\CodeBase\auto\autoUI\utils\logger.py [line:132] - 19908 - 17540 - autoUI-2020_11_02 - INFO: [32m[1mç™»å½•é¡µé¢_ç™»å½•åŠŸèƒ½ - é¡µé¢å…ƒç´ :xpath=>//div[@class='password-login-content wcc-small-form']/form/ul/li/input è¾“å…¥å€¼ 18144854885[0m
2020-11-02 00:02:40,258 - D:\CodeBase\auto\autoUI\utils\logger.py [line:132] - 19908 - 17540 - autoUI-2020_11_02 - INFO: [32m[1mç™»å½•é¡µé¢_ç™»å½•åŠŸèƒ½ - é¡µé¢å…ƒç´ :xpath=>//div[@class='password-login-content wcc-small-form']/form/ul/li[2]/input è¾“å…¥å€¼ lyj19564359[0m
2020-11-02 00:02:40,437 - D:\CodeBase\auto\autoUI\utils\logger.py [line:132] - 19908 - 17540 - autoUI-2020_11_02 - INFO: [32m[1mç™»å½•é¡µé¢_ç™»å½•åŠŸèƒ½,ç‚¹å‡»é¡µé¢å…ƒç´ :xpath=>//div[@class='password-login-content wcc-small-form']/form/p[0m
2020-11-02 00:02:40,606 - D:\CodeBase\auto\autoUI\utils\logger.py [line:132] - 19908 - 17540 - autoUI-2020_11_02 - INFO: [32m[1mç™»å½•é¡µé¢_ç™»å½•åŠŸèƒ½,åˆ‡æ¢åˆ°ä¸»é¡µé¢ - switch back to default iframe[0m
2020-11-02 00:02:40,612 - D:\CodeBase\auto\autoUI\utils\logger.py [line:132] - 19908 - 17540 - autoUI-2020_11_02 - INFO: [32m[1mæœŸæœ›å€¼ï¼šTrue[0m
2020-11-02 00:02:40,612 - D:\CodeBase\auto\autoUI\utils\logger.py [line:132] - 19908 - 17540 - autoUI-2020_11_02 - INFO: [32m[1mç”¨æˆ·ç®¡ç†é¡µé¢_éªŒè¯ç™»å½•åŠŸèƒ½ - é¼ æ ‡æ‚¬åœæ“ä½œ[0m
2020-11-02 00:02:42,876 - D:\CodeBase\auto\autoUI\utils\logger.py [line:132] - 19908 - 17540 - autoUI-2020_11_02 - INFO: [32m[1mç”¨æˆ·ç®¡ç†é¡µé¢_éªŒè¯ç™»å½•åŠŸèƒ½,è·å–é¡µé¢å…ƒç´ :xpath=>//header[@class='pm--metabar']/div/div/div[5]/div/div[2]/div[2]/div[2]/a[0m
2020-11-02 00:02:42,876 - D:\CodeBase\auto\autoUI\utils\logger.py [line:136] - 19908 - 17540 - autoUI-2020_11_02 - ERROR: [31m[1mç”¨æˆ·ç®¡ç†é¡µé¢_éªŒè¯ç™»å½•åŠŸèƒ½,é¡µé¢å…ƒç´ çš„æ–‡æœ¬è·å–å¤±è´¥ï¼ï¼ï¼[0m
2020-11-02 00:02:42,876 - D:\CodeBase\auto\autoUI\utils\logger.py [line:132] - 19908 - 17540 - autoUI-2020_11_02 - INFO: [32m[1må®é™…å€¼ï¼šFalse[0m
2020-11-02 00:02:42,877 - D:\CodeBase\auto\autoUI\utils\logger.py [line:132] - 19908 - 17540 - autoUI-2020_11_02 - INFO: [32m[1mç”¨æˆ·ç®¡ç†é¡µé¢_éªŒè¯ç™»å½•åŠŸèƒ½ - é¼ æ ‡æ‚¬åœæ“ä½œ[0m
2020-11-02 00:02:42,906 - D:\CodeBase\auto\autoUI\utils\logger.py [line:132] - 19908 - 17540 - autoUI-2020_11_02 - INFO: [32m[1mç”¨æˆ·ç®¡ç†é¡µé¢_éªŒè¯ç™»å½•åŠŸèƒ½,è·å–é¡µé¢å…ƒç´ :xpath=>//header[@class='pm--metabar']/div/div/div[5]/div/div[2]/div[2]/div[2]/a[0m
2020-11-02 00:02:42,906 - D:\CodeBase\auto\autoUI\utils\logger.py [line:136] - 19908 - 17540 - autoUI-2020_11_02 - ERROR: [31m[1mç”¨æˆ·ç®¡ç†é¡µé¢_éªŒè¯ç™»å½•åŠŸèƒ½,é¡µé¢å…ƒç´ çš„æ–‡æœ¬è·å–å¤±è´¥ï¼ï¼ï¼[0m
2020-11-02 00:02:42,907 - D:\CodeBase\auto\autoUI\utils\logger.py [line:136] - 19908 - 17540 - autoUI-2020_11_02 - ERROR: [31m[1m ç»“æŸæ‰§è¡Œ test_login_success æµ‹è¯•ç”¨ä¾‹ï¼Œ æµ‹è¯•ç»“æœ --- False [0m
2020-11-02 00:02:44,131 - D:\CodeBase\auto\autoUI\utils\logger.py [line:132] - 19908 - 17540 - autoUI-2020_11_02 - INFO: [32m[1mç™»å½•åŠŸèƒ½-æ­£å¸¸æµ‹è¯•-å¼‚å¸¸æˆªå›¾æˆªå›¾æˆåŠŸï¼Œå›¾ç‰‡è·¯å¾„ä¸º: ç™»å½•åŠŸèƒ½-æ­£å¸¸æµ‹è¯•-å¼‚å¸¸æˆªå›¾[0m
2020-11-02 00:02:44,263 - D:\CodeBase\auto\autoUI\utils\logger.py [line:132] - 19908 - 17540 - autoUI-2020_11_02 - INFO: [32m[1m==========ç»“æŸæ‰§è¡Œæµ‹è¯•ç”¨ä¾‹é›†===========[0m
2020-11-02 00:02:44,264 - D:\CodeBase\auto\autoUI\utils\logger.py [line:132] - 19908 - 17540 - autoUI-2020_11_02 - INFO: [32m[1m==========ç»“æŸ UIè‡ªåŠ¨åŒ–é¡¹ç›® æµ‹è¯•===========[0m
2020-11-02 00:03:09,103 - D:\CodeBase\auto\autoUI\utils\logger.py [line:132] - 22896 - 22892 - autoUI-2020_11_02 - INFO: [32m[1m==========å¼€å§‹ UIè‡ªåŠ¨åŒ–é¡¹ç›® æ‰§è¡Œæµ‹è¯•===========[0m
2020-11-02 00:03:09,105 - D:\CodeBase\auto\autoUI\utils\logger.py [line:132] - 22896 - 22892 - autoUI-2020_11_02 - INFO: [32m[1mYou had select Chrome - browser.[0m
2020-11-02 00:03:13,230 - D:\CodeBase\auto\autoUI\utils\logger.py [line:132] - 22896 - 22892 - autoUI-2020_11_02 - INFO: [32m[1mMaximize the current window.[0m
2020-11-02 00:03:13,232 - D:\CodeBase\auto\autoUI\utils\logger.py [line:132] - 22896 - 22892 - autoUI-2020_11_02 - INFO: [32m[1mSet implicitly wait 10 seconds.[0m
2020-11-02 00:03:14,876 - D:\CodeBase\auto\autoUI\utils\logger.py [line:132] - 22896 - 22892 - autoUI-2020_11_02 - INFO: [32m[1mVisit the web url - http://www.woshipm.com/.[0m
2020-11-02 00:03:14,877 - D:\CodeBase\auto\autoUI\utils\logger.py [line:132] - 22896 - 22892 - autoUI-2020_11_02 - INFO: [32m[1m==========å¼€å§‹æ‰§è¡Œæµ‹è¯•ç”¨ä¾‹é›†===========[0m
2020-11-02 00:03:14,877 - D:\CodeBase\auto\autoUI\utils\logger.py [line:132] - 22896 - 22892 - autoUI-2020_11_02 - INFO: [32m[1m-------------------- <selenium.webdriver.chrome.webdriver.WebDriver (session="b6dace8aeb84afc342fa739ec5c1b545")> ------------------------[0m
2020-11-02 00:03:14,881 - D:\CodeBase\auto\autoUI\utils\logger.py [line:132] - 22896 - 22892 - autoUI-2020_11_02 - INFO: [32m[1m æ‰§è¡Œ test_login_success æµ‹è¯•ç”¨ä¾‹ [0m
2020-11-02 00:03:14,882 - D:\CodeBase\auto\autoUI\utils\logger.py [line:132] - 22896 - 22892 - autoUI-2020_11_02 - INFO: [32m[1mæ­£å¸¸ç™»å½•æµ‹è¯•ç”¨ä¾‹[0m
2020-11-02 00:03:14,882 - D:\CodeBase\auto\autoUI\utils\logger.py [line:132] - 22896 - 22892 - autoUI-2020_11_02 - INFO: [32m[1mç™»å½•é¡µé¢_ç™»å½•åŠŸèƒ½,ç‚¹å‡»é¡µé¢å…ƒç´ :xpath=>//header[@class='pm--metabar']//div/div[4]/span[0m
2020-11-02 00:03:15,726 - D:\CodeBase\auto\autoUI\utils\logger.py [line:132] - 22896 - 22892 - autoUI-2020_11_02 - INFO: [32m[1mç™»å½•é¡µé¢_ç™»å½•åŠŸèƒ½,åˆ‡æ¢é¡µé¢è¡¨å•:xpath=>//iframe[starts-with(@id, 'top_login_frame')][0m
2020-11-02 00:03:15,772 - D:\CodeBase\auto\autoUI\utils\logger.py [line:132] - 22896 - 22892 - autoUI-2020_11_02 - INFO: [32m[1mç™»å½•é¡µé¢_ç™»å½•åŠŸèƒ½,ç‚¹å‡»é¡µé¢å…ƒç´ :xpath=>//div[@class='tc-lo-main height515']/div[3][0m
2020-11-02 00:03:16,152 - D:\CodeBase\auto\autoUI\utils\logger.py [line:132] - 22896 - 22892 - autoUI-2020_11_02 - INFO: [32m[1mç™»å½•é¡µé¢_ç™»å½•åŠŸèƒ½ - é¡µé¢å…ƒç´ :xpath=>//div[@class='password-login-content wcc-small-form']/form/ul/li/input è¾“å…¥å€¼ 18144854885[0m
2020-11-02 00:03:16,311 - D:\CodeBase\auto\autoUI\utils\logger.py [line:132] - 22896 - 22892 - autoUI-2020_11_02 - INFO: [32m[1mç™»å½•é¡µé¢_ç™»å½•åŠŸèƒ½ - é¡µé¢å…ƒç´ :xpath=>//div[@class='password-login-content wcc-small-form']/form/ul/li[2]/input è¾“å…¥å€¼ lyj19564359[0m
2020-11-02 00:03:16,473 - D:\CodeBase\auto\autoUI\utils\logger.py [line:132] - 22896 - 22892 - autoUI-2020_11_02 - INFO: [32m[1mç™»å½•é¡µé¢_ç™»å½•åŠŸèƒ½,ç‚¹å‡»é¡µé¢å…ƒç´ :xpath=>//div[@class='password-login-content wcc-small-form']/form/p[0m
2020-11-02 00:03:16,644 - D:\CodeBase\auto\autoUI\utils\logger.py [line:132] - 22896 - 22892 - autoUI-2020_11_02 - INFO: [32m[1mç™»å½•é¡µé¢_ç™»å½•åŠŸèƒ½,åˆ‡æ¢åˆ°ä¸»é¡µé¢ - switch back to default iframe[0m
2020-11-02 00:03:16,654 - D:\CodeBase\auto\autoUI\utils\logger.py [line:132] - 22896 - 22892 - autoUI-2020_11_02 - INFO: [32m[1mæœŸæœ›å€¼ï¼šTrue[0m
2020-11-02 00:03:16,654 - D:\CodeBase\auto\autoUI\utils\logger.py [line:132] - 22896 - 22892 - autoUI-2020_11_02 - INFO: [32m[1mç”¨æˆ·ç®¡ç†é¡µé¢_éªŒè¯ç™»å½•åŠŸèƒ½ - é¼ æ ‡æ‚¬åœæ“ä½œ[0m
2020-11-02 00:03:16,654 - D:\CodeBase\auto\autoUI\utils\logger.py [line:136] - 22896 - 22892 - autoUI-2020_11_02 - ERROR: [31m[1mç”¨æˆ·ç®¡ç†é¡µé¢_éªŒè¯ç™»å½•åŠŸèƒ½ - é¼ æ ‡æ‚¬åœæ“ä½œ å¤±è´¥ï¼ï¼ï¼[0m
2020-11-02 00:03:16,655 - D:\CodeBase\auto\autoUI\utils\logger.py [line:132] - 22896 - 22892 - autoUI-2020_11_02 - INFO: [32m[1må®é™…å€¼ï¼šFalse[0m
2020-11-02 00:03:16,655 - D:\CodeBase\auto\autoUI\utils\logger.py [line:132] - 22896 - 22892 - autoUI-2020_11_02 - INFO: [32m[1mç”¨æˆ·ç®¡ç†é¡µé¢_éªŒè¯ç™»å½•åŠŸèƒ½ - é¼ æ ‡æ‚¬åœæ“ä½œ[0m
2020-11-02 00:03:18,940 - D:\CodeBase\auto\autoUI\utils\logger.py [line:132] - 22896 - 22892 - autoUI-2020_11_02 - INFO: [32m[1mç”¨æˆ·ç®¡ç†é¡µé¢_éªŒè¯ç™»å½•åŠŸèƒ½,è·å–é¡µé¢å…ƒç´ :xpath=>//header[@class='pm--metabar']/div/div/div[5]/div/div[2]/div[2]/div[2]/a[0m
2020-11-02 00:03:18,941 - D:\CodeBase\auto\autoUI\utils\logger.py [line:136] - 22896 - 22892 - autoUI-2020_11_02 - ERROR: [31m[1mç”¨æˆ·ç®¡ç†é¡µé¢_éªŒè¯ç™»å½•åŠŸèƒ½,é¡µé¢å…ƒç´ çš„æ–‡æœ¬è·å–å¤±è´¥ï¼ï¼ï¼[0m
2020-11-02 00:03:18,941 - D:\CodeBase\auto\autoUI\utils\logger.py [line:136] - 22896 - 22892 - autoUI-2020_11_02 - ERROR: [31m[1m ç»“æŸæ‰§è¡Œ test_login_success æµ‹è¯•ç”¨ä¾‹ï¼Œ æµ‹è¯•ç»“æœ --- False [0m
2020-11-02 00:03:20,054 - D:\CodeBase\auto\autoUI\utils\logger.py [line:132] - 22896 - 22892 - autoUI-2020_11_02 - INFO: [32m[1mç™»å½•åŠŸèƒ½-æ­£å¸¸æµ‹è¯•-å¼‚å¸¸æˆªå›¾æˆªå›¾æˆåŠŸï¼Œå›¾ç‰‡è·¯å¾„ä¸º: ç™»å½•åŠŸèƒ½-æ­£å¸¸æµ‹è¯•-å¼‚å¸¸æˆªå›¾[0m
2020-11-02 00:03:20,181 - D:\CodeBase\auto\autoUI\utils\logger.py [line:132] - 22896 - 22892 - autoUI-2020_11_02 - INFO: [32m[1m==========ç»“æŸæ‰§è¡Œæµ‹è¯•ç”¨ä¾‹é›†===========[0m
2020-11-02 00:03:20,182 - D:\CodeBase\auto\autoUI\utils\logger.py [line:132] - 22896 - 22892 - autoUI-2020_11_02 - INFO: [32m[1m==========ç»“æŸ UIè‡ªåŠ¨åŒ–é¡¹ç›® æµ‹è¯•===========[0m
2020-11-02 00:07:35,835 - D:\CodeBase\auto\autoUI\utils\logger.py [line:132] - 23184 - 23432 - autoUI-2020_11_02 - INFO: [32m[1m==========å¼€å§‹ UIè‡ªåŠ¨åŒ–é¡¹ç›® æ‰§è¡Œæµ‹è¯•===========[0m
2020-11-02 00:07:35,837 - D:\CodeBase\auto\autoUI\utils\logger.py [line:132] - 23184 - 23432 - autoUI-2020_11_02 - INFO: [32m[1mYou had select Chrome - browser.[0m
2020-11-02 00:07:40,575 - D:\CodeBase\auto\autoUI\utils\logger.py [line:132] - 23184 - 23432 - autoUI-2020_11_02 - INFO: [32m[1mMaximize the current window.[0m
2020-11-02 00:07:40,577 - D:\CodeBase\auto\autoUI\utils\logger.py [line:132] - 23184 - 23432 - autoUI-2020_11_02 - INFO: [32m[1mSet implicitly wait 10 seconds.[0m
2020-11-02 00:07:43,076 - D:\CodeBase\auto\autoUI\utils\logger.py [line:132] - 23184 - 23432 - autoUI-2020_11_02 - INFO: [32m[1mVisit the web url - http://www.woshipm.com/.[0m
2020-11-02 00:07:43,077 - D:\CodeBase\auto\autoUI\utils\logger.py [line:132] - 23184 - 23432 - autoUI-2020_11_02 - INFO: [32m[1m==========å¼€å§‹æ‰§è¡Œæµ‹è¯•ç”¨ä¾‹é›†===========[0m
2020-11-02 00:07:43,077 - D:\CodeBase\auto\autoUI\utils\logger.py [line:132] - 23184 - 23432 - autoUI-2020_11_02 - INFO: [32m[1m-------------------- <selenium.webdriver.chrome.webdriver.WebDriver (session="49a20d5b91141b7b9e1e257332ab058a")> ------------------------[0m
2020-11-02 00:07:43,079 - D:\CodeBase\auto\autoUI\utils\logger.py [line:132] - 23184 - 23432 - autoUI-2020_11_02 - INFO: [32m[1m æ‰§è¡Œ test_login_success æµ‹è¯•ç”¨ä¾‹ [0m
2020-11-02 00:07:43,079 - D:\CodeBase\auto\autoUI\utils\logger.py [line:132] - 23184 - 23432 - autoUI-2020_11_02 - INFO: [32m[1mæ­£å¸¸ç™»å½•æµ‹è¯•ç”¨ä¾‹[0m
2020-11-02 00:07:43,080 - D:\CodeBase\auto\autoUI\utils\logger.py [line:132] - 23184 - 23432 - autoUI-2020_11_02 - INFO: [32m[1mç™»å½•é¡µé¢_ç™»å½•åŠŸèƒ½,ç‚¹å‡»é¡µé¢å…ƒç´ :xpath=>//header[@class='pm--metabar']//div/div[4]/span[0m
2020-11-02 00:07:43,921 - D:\CodeBase\auto\autoUI\utils\logger.py [line:132] - 23184 - 23432 - autoUI-2020_11_02 - INFO: [32m[1mç™»å½•é¡µé¢_ç™»å½•åŠŸèƒ½,åˆ‡æ¢é¡µé¢è¡¨å•:xpath=>//iframe[starts-with(@id, 'top_login_frame')][0m
2020-11-02 00:07:43,961 - D:\CodeBase\auto\autoUI\utils\logger.py [line:132] - 23184 - 23432 - autoUI-2020_11_02 - INFO: [32m[1mç™»å½•é¡µé¢_ç™»å½•åŠŸèƒ½,ç‚¹å‡»é¡µé¢å…ƒç´ :xpath=>//div[@class='tc-lo-main height515']/div[3][0m
2020-11-02 00:07:44,389 - D:\CodeBase\auto\autoUI\utils\logger.py [line:132] - 23184 - 23432 - autoUI-2020_11_02 - INFO: [32m[1mç™»å½•é¡µé¢_ç™»å½•åŠŸèƒ½ - é¡µé¢å…ƒç´ :xpath=>//div[@class='password-login-content wcc-small-form']/form/ul/li/input è¾“å…¥å€¼ 18144854885[0m
2020-11-02 00:07:44,551 - D:\CodeBase\auto\autoUI\utils\logger.py [line:132] - 23184 - 23432 - autoUI-2020_11_02 - INFO: [32m[1mç™»å½•é¡µé¢_ç™»å½•åŠŸèƒ½ - é¡µé¢å…ƒç´ :xpath=>//div[@class='password-login-content wcc-small-form']/form/ul/li[2]/input è¾“å…¥å€¼ lyj19564359[0m
2020-11-02 00:07:44,704 - D:\CodeBase\auto\autoUI\utils\logger.py [line:132] - 23184 - 23432 - autoUI-2020_11_02 - INFO: [32m[1mç™»å½•é¡µé¢_ç™»å½•åŠŸèƒ½,ç‚¹å‡»é¡µé¢å…ƒç´ :xpath=>//div[@class='password-login-content wcc-small-form']/form/p[0m
2020-11-02 00:07:44,873 - D:\CodeBase\auto\autoUI\utils\logger.py [line:132] - 23184 - 23432 - autoUI-2020_11_02 - INFO: [32m[1mç™»å½•é¡µé¢_ç™»å½•åŠŸèƒ½,åˆ‡æ¢åˆ°ä¸»é¡µé¢ - switch back to default iframe[0m
2020-11-02 00:07:44,879 - D:\CodeBase\auto\autoUI\utils\logger.py [line:132] - 23184 - 23432 - autoUI-2020_11_02 - INFO: [32m[1mæœŸæœ›å€¼ï¼šTrue[0m
2020-11-02 00:07:44,879 - D:\CodeBase\auto\autoUI\utils\logger.py [line:132] - 23184 - 23432 - autoUI-2020_11_02 - INFO: [32m[1mç”¨æˆ·ç®¡ç†é¡µé¢_éªŒè¯ç™»å½•åŠŸèƒ½ - é¼ æ ‡æ‚¬åœæ“ä½œ[0m
2020-11-02 00:07:47,210 - D:\CodeBase\auto\autoUI\utils\logger.py [line:132] - 23184 - 23432 - autoUI-2020_11_02 - INFO: [32m[1mç”¨æˆ·ç®¡ç†é¡µé¢_éªŒè¯ç™»å½•åŠŸèƒ½ - è·å–é¡µé¢å…ƒç´ :xpath=>//header[@class='pm--metabar']/div/div/div[5]/div/div[2]/div[2]/div[2]/a[0m
2020-11-02 00:07:47,255 - D:\CodeBase\auto\autoUI\utils\logger.py [line:132] - 23184 - 23432 - autoUI-2020_11_02 - INFO: [32m[1må®é™…å€¼ï¼šTrue[0m
2020-11-02 00:07:47,256 - D:\CodeBase\auto\autoUI\utils\logger.py [line:132] - 23184 - 23432 - autoUI-2020_11_02 - INFO: [32m[1mç”¨æˆ·ç®¡ç†é¡µé¢_éªŒè¯ç™»å½•åŠŸèƒ½ - é¼ æ ‡æ‚¬åœæ“ä½œ[0m
2020-11-02 00:07:47,331 - D:\CodeBase\auto\autoUI\utils\logger.py [line:132] - 23184 - 23432 - autoUI-2020_11_02 - INFO: [32m[1mç”¨æˆ·ç®¡ç†é¡µé¢_éªŒè¯ç™»å½•åŠŸèƒ½ - è·å–é¡µé¢å…ƒç´ :xpath=>//header[@class='pm--metabar']/div/div/div[5]/div/div[2]/div[2]/div[2]/a[0m
2020-11-02 00:07:47,357 - D:\CodeBase\auto\autoUI\utils\logger.py [line:132] - 23184 - 23432 - autoUI-2020_11_02 - INFO: [32m[1m ç»“æŸæ‰§è¡Œ test_login_success æµ‹è¯•ç”¨ä¾‹ï¼Œ æµ‹è¯•ç»“æœ --- PASS [0m
2020-11-02 00:07:48,679 - D:\CodeBase\auto\autoUI\utils\logger.py [line:132] - 23184 - 23432 - autoUI-2020_11_02 - INFO: [32m[1mç™»å½•åŠŸèƒ½-æ­£å¸¸æµ‹è¯•-æ­£å¸¸æˆªå›¾æˆªå›¾æˆåŠŸï¼Œå›¾ç‰‡è·¯å¾„ä¸º: ç™»å½•åŠŸèƒ½-æ­£å¸¸æµ‹è¯•-æ­£å¸¸æˆªå›¾[0m
2020-11-02 00:07:48,688 - D:\CodeBase\auto\autoUI\utils\logger.py [line:132] - 23184 - 23432 - autoUI-2020_11_02 - INFO: [32m[1m==========ç»“æŸæ‰§è¡Œæµ‹è¯•ç”¨ä¾‹é›†===========[0m
2020-11-02 00:07:48,689 - D:\CodeBase\auto\autoUI\utils\logger.py [line:132] - 23184 - 23432 - autoUI-2020_11_02 - INFO: [32m[1m==========ç»“æŸ UIè‡ªåŠ¨åŒ–é¡¹ç›® æµ‹è¯•===========[0m
