2020-11-03 19:26:03,185 - D:\CodeBase\auto\autoUI\utils\logger.py [line:132] - 7580 - 2640 - autoUI-2020_11_03 - INFO: [32m[1m==========å¼€å§‹ UIè‡ªåŠ¨åŒ–é¡¹ç›® æ‰§è¡Œæµ‹è¯•===========[0m
2020-11-03 19:26:03,186 - D:\CodeBase\auto\autoUI\utils\logger.py [line:132] - 7580 - 2640 - autoUI-2020_11_03 - INFO: [32m[1mYou had select Chrome - browser.[0m
2020-11-03 19:26:08,143 - D:\CodeBase\auto\autoUI\utils\logger.py [line:132] - 7580 - 2640 - autoUI-2020_11_03 - INFO: [32m[1mMaximize the current window.[0m
2020-11-03 19:26:08,144 - D:\CodeBase\auto\autoUI\utils\logger.py [line:132] - 7580 - 2640 - autoUI-2020_11_03 - INFO: [32m[1mSet implicitly wait 10 seconds.[0m
2020-11-03 19:26:09,810 - D:\CodeBase\auto\autoUI\utils\logger.py [line:132] - 7580 - 2640 - autoUI-2020_11_03 - INFO: [32m[1mVisit the web url - http://www.woshipm.com/.[0m
2020-11-03 19:26:09,810 - D:\CodeBase\auto\autoUI\utils\logger.py [line:132] - 7580 - 2640 - autoUI-2020_11_03 - INFO: [32m[1m==========å¼€å§‹æ‰§è¡Œæµ‹è¯•ç”¨ä¾‹é›†===========[0m
2020-11-03 19:26:09,811 - D:\CodeBase\auto\autoUI\utils\logger.py [line:132] - 7580 - 2640 - autoUI-2020_11_03 - INFO: [32m[1m-------------------- <selenium.webdriver.chrome.webdriver.WebDriver (session="42431311a793a61a44d2bd7bfbda5012")> ------------------------[0m
2020-11-03 19:26:09,812 - D:\CodeBase\auto\autoUI\utils\logger.py [line:132] - 7580 - 2640 - autoUI-2020_11_03 - INFO: [32m[1m æ‰§è¡Œ test_login_success_1 æµ‹è¯•ç”¨ä¾‹ [0m
2020-11-03 19:26:09,813 - D:\CodeBase\auto\autoUI\utils\logger.py [line:132] - 7580 - 2640 - autoUI-2020_11_03 - INFO: [32m[1m<<æ­£å¸¸ç™»å½•æµ‹è¯•ç”¨ä¾‹>>[0m
2020-11-03 19:26:09,813 - D:\CodeBase\auto\autoUI\utils\logger.py [line:132] - 7580 - 2640 - autoUI-2020_11_03 - INFO: [32m[1mç™»å½•é¡µé¢_ç™»å½•åŠŸèƒ½ - ç‚¹å‡»é¡µé¢å…ƒç´ :xpath=>//header[@class='pm--metabar']//div/div[4]/span[0m
2020-11-03 19:26:10,617 - D:\CodeBase\auto\autoUI\utils\logger.py [line:132] - 7580 - 2640 - autoUI-2020_11_03 - INFO: [32m[1mç™»å½•é¡µé¢_ç™»å½•åŠŸèƒ½ - åˆ‡æ¢é¡µé¢è¡¨å•:xpath=>//iframe[starts-with(@id, 'top_login_frame')][0m
2020-11-03 19:26:10,652 - D:\CodeBase\auto\autoUI\utils\logger.py [line:132] - 7580 - 2640 - autoUI-2020_11_03 - INFO: [32m[1mç™»å½•é¡µé¢_ç™»å½•åŠŸèƒ½ - ç‚¹å‡»é¡µé¢å…ƒç´ :xpath=>//div[@class='tc-lo-main height515']/div[3][0m
2020-11-03 19:26:11,019 - D:\CodeBase\auto\autoUI\utils\logger.py [line:132] - 7580 - 2640 - autoUI-2020_11_03 - INFO: [32m[1mç™»å½•é¡µé¢_ç™»å½•åŠŸèƒ½ - é¡µé¢å…ƒç´ :xpath=>//div[@class='password-login-content wcc-small-form']/form/ul/li/input è¾“å…¥å€¼ 18144854885[0m
2020-11-03 19:26:11,157 - D:\CodeBase\auto\autoUI\utils\logger.py [line:132] - 7580 - 2640 - autoUI-2020_11_03 - INFO: [32m[1mç™»å½•é¡µé¢_ç™»å½•åŠŸèƒ½ - é¡µé¢å…ƒç´ :xpath=>//div[@class='password-login-content wcc-small-form']/form/ul/li[2]/input è¾“å…¥å€¼ lyj19564359[0m
2020-11-03 19:26:11,287 - D:\CodeBase\auto\autoUI\utils\logger.py [line:132] - 7580 - 2640 - autoUI-2020_11_03 - INFO: [32m[1mç™»å½•é¡µé¢_ç™»å½•åŠŸèƒ½ - ç‚¹å‡»é¡µé¢å…ƒç´ :xpath=>//div[@class='password-login-content wcc-small-form']/form/p[0m
2020-11-03 19:26:11,417 - D:\CodeBase\auto\autoUI\utils\logger.py [line:132] - 7580 - 2640 - autoUI-2020_11_03 - INFO: [32m[1mç™»å½•é¡µé¢_ç™»å½•åŠŸèƒ½ - åˆ‡å›ä¸»é¡µé¢ - switch back to default iframe[0m
2020-11-03 19:26:11,420 - D:\CodeBase\auto\autoUI\utils\logger.py [line:132] - 7580 - 2640 - autoUI-2020_11_03 - INFO: [32m[1mæœŸæœ›å€¼ï¼šTrue[0m
2020-11-03 19:26:11,421 - D:\CodeBase\auto\autoUI\utils\logger.py [line:132] - 7580 - 2640 - autoUI-2020_11_03 - INFO: [32m[1mç”¨æˆ·ç®¡ç†é¡µé¢_éªŒè¯ç™»å½•åŠŸèƒ½ - é¼ æ ‡æ‚¬åœæ“ä½œ[0m
2020-11-03 19:26:13,541 - D:\CodeBase\auto\autoUI\utils\logger.py [line:132] - 7580 - 2640 - autoUI-2020_11_03 - INFO: [32m[1mç”¨æˆ·ç®¡ç†é¡µé¢_éªŒè¯ç™»å½•åŠŸèƒ½ - è·å–é¡µé¢å…ƒç´ :xpath=>//header[@class='pm--metabar']/div/div/div[5]/div/div[2]/div[2]/div[2]/a[0m
2020-11-03 19:26:13,571 - D:\CodeBase\auto\autoUI\utils\logger.py [line:132] - 7580 - 2640 - autoUI-2020_11_03 - INFO: [32m[1må®é™…å€¼ï¼šTrue[0m
2020-11-03 19:26:13,571 - D:\CodeBase\auto\autoUI\utils\logger.py [line:132] - 7580 - 2640 - autoUI-2020_11_03 - INFO: [32m[1mç”¨æˆ·ç®¡ç†é¡µé¢_éªŒè¯ç™»å½•åŠŸèƒ½ - é¼ æ ‡æ‚¬åœæ“ä½œ[0m
2020-11-03 19:26:13,654 - D:\CodeBase\auto\autoUI\utils\logger.py [line:132] - 7580 - 2640 - autoUI-2020_11_03 - INFO: [32m[1mç”¨æˆ·ç®¡ç†é¡µé¢_éªŒè¯ç™»å½•åŠŸèƒ½ - è·å–é¡µé¢å…ƒç´ :xpath=>//header[@class='pm--metabar']/div/div/div[5]/div/div[2]/div[2]/div[2]/a[0m
2020-11-03 19:26:13,673 - D:\CodeBase\auto\autoUI\utils\logger.py [line:132] - 7580 - 2640 - autoUI-2020_11_03 - INFO: [32m[1m ç»“æŸæ‰§è¡Œ test_login_success_1 æµ‹è¯•ç”¨ä¾‹ï¼Œ æµ‹è¯•ç»“æœ --- PASS [0m
2020-11-03 19:26:14,721 - D:\CodeBase\auto\autoUI\utils\logger.py [line:132] - 7580 - 2640 - autoUI-2020_11_03 - INFO: [32m[1mç™»å½•åŠŸèƒ½-æ­£å¸¸æµ‹è¯•-æ­£å¸¸æˆªå›¾æˆªå›¾æˆåŠŸï¼Œå›¾ç‰‡è·¯å¾„ä¸º: ç™»å½•åŠŸèƒ½-æ­£å¸¸æµ‹è¯•-æ­£å¸¸æˆªå›¾[0m
2020-11-03 19:26:14,726 - D:\CodeBase\auto\autoUI\utils\logger.py [line:132] - 7580 - 2640 - autoUI-2020_11_03 - INFO: [32m[1m==========ç»“æŸæ‰§è¡Œæµ‹è¯•ç”¨ä¾‹é›†===========[0m
2020-11-03 19:26:14,727 - D:\CodeBase\auto\autoUI\utils\logger.py [line:132] - 7580 - 2640 - autoUI-2020_11_03 - INFO: [32m[1m==========ç»“æŸ UIè‡ªåŠ¨åŒ–é¡¹ç›® æµ‹è¯•===========[0m
2020-11-03 19:28:11,428 - D:\CodeBase\auto\autoUI\utils\logger.py [line:132] - 5088 - 14316 - autoUI-2020_11_03 - INFO: [32m[1m==========å¼€å§‹ UIè‡ªåŠ¨åŒ–é¡¹ç›® æ‰§è¡Œæµ‹è¯•===========[0m
2020-11-03 19:28:11,429 - D:\CodeBase\auto\autoUI\utils\logger.py [line:132] - 5088 - 14316 - autoUI-2020_11_03 - INFO: [32m[1mYou had select Chrome - browser.[0m
2020-11-03 19:28:15,487 - D:\CodeBase\auto\autoUI\utils\logger.py [line:132] - 5088 - 14316 - autoUI-2020_11_03 - INFO: [32m[1mMaximize the current window.[0m
2020-11-03 19:28:15,488 - D:\CodeBase\auto\autoUI\utils\logger.py [line:132] - 5088 - 14316 - autoUI-2020_11_03 - INFO: [32m[1mSet implicitly wait 10 seconds.[0m
2020-11-03 19:28:17,731 - D:\CodeBase\auto\autoUI\utils\logger.py [line:132] - 5088 - 14316 - autoUI-2020_11_03 - INFO: [32m[1mVisit the web url - http://www.woshipm.com/.[0m
2020-11-03 19:28:17,731 - D:\CodeBase\auto\autoUI\utils\logger.py [line:132] - 5088 - 14316 - autoUI-2020_11_03 - INFO: [32m[1m==========å¼€å§‹æ‰§è¡Œæµ‹è¯•ç”¨ä¾‹é›†===========[0m
2020-11-03 19:28:17,732 - D:\CodeBase\auto\autoUI\utils\logger.py [line:132] - 5088 - 14316 - autoUI-2020_11_03 - INFO: [32m[1m-------------------- <selenium.webdriver.chrome.webdriver.WebDriver (session="f8e47fdc5c8a6f49f3ef9f4f0e5b1dac")> ------------------------[0m
2020-11-03 19:28:17,734 - D:\CodeBase\auto\autoUI\utils\logger.py [line:132] - 5088 - 14316 - autoUI-2020_11_03 - INFO: [32m[1m æ‰§è¡Œ test_login_success_1 æµ‹è¯•ç”¨ä¾‹ [0m
2020-11-03 19:28:17,734 - D:\CodeBase\auto\autoUI\utils\logger.py [line:132] - 5088 - 14316 - autoUI-2020_11_03 - INFO: [32m[1m<<æ­£å¸¸ç™»å½•æµ‹è¯•ç”¨ä¾‹>>[0m
2020-11-03 19:28:17,735 - D:\CodeBase\auto\autoUI\utils\logger.py [line:132] - 5088 - 14316 - autoUI-2020_11_03 - INFO: [32m[1mç™»å½•é¡µé¢_ç™»å½•åŠŸèƒ½ - ç‚¹å‡»é¡µé¢å…ƒç´ :xpath=>//header[@class='pm--metabar']//div/div[4]/span[0m
2020-11-03 19:28:18,544 - D:\CodeBase\auto\autoUI\utils\logger.py [line:132] - 5088 - 14316 - autoUI-2020_11_03 - INFO: [32m[1mç™»å½•é¡µé¢_ç™»å½•åŠŸèƒ½ - åˆ‡æ¢é¡µé¢è¡¨å•:xpath=>//iframe[starts-with(@id, 'top_login_frame')][0m
2020-11-03 19:28:18,580 - D:\CodeBase\auto\autoUI\utils\logger.py [line:132] - 5088 - 14316 - autoUI-2020_11_03 - INFO: [32m[1mç™»å½•é¡µé¢_ç™»å½•åŠŸèƒ½ - ç‚¹å‡»é¡µé¢å…ƒç´ :xpath=>//div[@class='tc-lo-main height515']/div[3][0m
2020-11-03 19:28:19,027 - D:\CodeBase\auto\autoUI\utils\logger.py [line:132] - 5088 - 14316 - autoUI-2020_11_03 - INFO: [32m[1mç™»å½•é¡µé¢_ç™»å½•åŠŸèƒ½ - é¡µé¢å…ƒç´ :xpath=>//div[@class='password-login-content wcc-small-form']/form/ul/li/input è¾“å…¥å€¼ 18144854885[0m
2020-11-03 19:28:19,154 - D:\CodeBase\auto\autoUI\utils\logger.py [line:132] - 5088 - 14316 - autoUI-2020_11_03 - INFO: [32m[1mç™»å½•é¡µé¢_ç™»å½•åŠŸèƒ½ - é¡µé¢å…ƒç´ :xpath=>//div[@class='password-login-content wcc-small-form']/form/ul/li[2]/input è¾“å…¥å€¼ lyj19564359[0m
2020-11-03 19:28:19,277 - D:\CodeBase\auto\autoUI\utils\logger.py [line:132] - 5088 - 14316 - autoUI-2020_11_03 - INFO: [32m[1mç™»å½•é¡µé¢_ç™»å½•åŠŸèƒ½ - ç‚¹å‡»é¡µé¢å…ƒç´ :xpath=>//div[@class='password-login-content wcc-small-form']/form/p[0m
2020-11-03 19:28:19,405 - D:\CodeBase\auto\autoUI\utils\logger.py [line:132] - 5088 - 14316 - autoUI-2020_11_03 - INFO: [32m[1mç™»å½•é¡µé¢_ç™»å½•åŠŸèƒ½ - åˆ‡å›ä¸»é¡µé¢ - switch back to default iframe[0m
2020-11-03 19:28:19,409 - D:\CodeBase\auto\autoUI\utils\logger.py [line:132] - 5088 - 14316 - autoUI-2020_11_03 - INFO: [32m[1mæœŸæœ›å€¼ï¼šTrue[0m
2020-11-03 19:28:19,409 - D:\CodeBase\auto\autoUI\utils\logger.py [line:132] - 5088 - 14316 - autoUI-2020_11_03 - INFO: [32m[1mç”¨æˆ·ç®¡ç†é¡µé¢_éªŒè¯ç™»å½•åŠŸèƒ½ - é¼ æ ‡æ‚¬åœæ“ä½œ[0m
2020-11-03 19:28:21,644 - D:\CodeBase\auto\autoUI\utils\logger.py [line:132] - 5088 - 14316 - autoUI-2020_11_03 - INFO: [32m[1mç”¨æˆ·ç®¡ç†é¡µé¢_éªŒè¯ç™»å½•åŠŸèƒ½ - è·å–é¡µé¢å…ƒç´ :xpath=>//header[@class='pm--metabar']/div/div/div[5]/div/div[2]/div[2]/div[2]/a[0m
2020-11-03 19:28:21,676 - D:\CodeBase\auto\autoUI\utils\logger.py [line:132] - 5088 - 14316 - autoUI-2020_11_03 - INFO: [32m[1må®é™…å€¼ï¼šTrue[0m
2020-11-03 19:28:21,676 - D:\CodeBase\auto\autoUI\utils\logger.py [line:132] - 5088 - 14316 - autoUI-2020_11_03 - INFO: [32m[1mç”¨æˆ·ç®¡ç†é¡µé¢_éªŒè¯ç™»å½•åŠŸèƒ½ - é¼ æ ‡æ‚¬åœæ“ä½œ[0m
2020-11-03 19:28:21,755 - D:\CodeBase\auto\autoUI\utils\logger.py [line:132] - 5088 - 14316 - autoUI-2020_11_03 - INFO: [32m[1mç”¨æˆ·ç®¡ç†é¡µé¢_éªŒè¯ç™»å½•åŠŸèƒ½ - è·å–é¡µé¢å…ƒç´ :xpath=>//header[@class='pm--metabar']/div/div/div[5]/div/div[2]/div[2]/div[2]/a[0m
2020-11-03 19:28:21,777 - D:\CodeBase\auto\autoUI\utils\logger.py [line:132] - 5088 - 14316 - autoUI-2020_11_03 - INFO: [32m[1m ç»“æŸæ‰§è¡Œ test_login_success_1 æµ‹è¯•ç”¨ä¾‹ï¼Œ æµ‹è¯•ç»“æœ --- PASS [0m
2020-11-03 19:28:22,712 - D:\CodeBase\auto\autoUI\utils\logger.py [line:132] - 5088 - 14316 - autoUI-2020_11_03 - INFO: [32m[1mç™»å½•åŠŸèƒ½-æ­£å¸¸æµ‹è¯•-æ­£å¸¸æˆªå›¾æˆªå›¾æˆåŠŸï¼Œå›¾ç‰‡è·¯å¾„ä¸º: ç™»å½•åŠŸèƒ½-æ­£å¸¸æµ‹è¯•-æ­£å¸¸æˆªå›¾[0m
2020-11-03 19:28:22,715 - D:\CodeBase\auto\autoUI\utils\logger.py [line:132] - 5088 - 14316 - autoUI-2020_11_03 - INFO: [32m[1m==========ç»“æŸæ‰§è¡Œæµ‹è¯•ç”¨ä¾‹é›†===========[0m
2020-11-03 19:28:22,715 - D:\CodeBase\auto\autoUI\utils\logger.py [line:132] - 5088 - 14316 - autoUI-2020_11_03 - INFO: [32m[1m==========ç»“æŸ UIè‡ªåŠ¨åŒ–é¡¹ç›® æµ‹è¯•===========[0m
2020-11-03 19:44:11,119 - D:\CodeBase\auto\autoUI\utils\logger.py [line:132] - 9960 - 11916 - autoUI-2020_11_03 - INFO: [32m[1m==========å¼€å§‹ UIè‡ªåŠ¨åŒ–é¡¹ç›® æ‰§è¡Œæµ‹è¯•===========[0m
2020-11-03 19:44:11,121 - D:\CodeBase\auto\autoUI\utils\logger.py [line:132] - 9960 - 11916 - autoUI-2020_11_03 - INFO: [32m[1mYou had select D:\CodeBase\auto\autoUI\Chrome - browser.[0m
2020-11-03 19:44:14,483 - D:\CodeBase\auto\autoUI\utils\logger.py [line:140] - 9960 - 11916 - autoUI-2020_11_03 - DEBUG: [35m[1mNot found this browser - é»˜è®¤ä½¿ç”¨Chrome[0m
2020-11-03 19:44:15,605 - D:\CodeBase\auto\autoUI\utils\logger.py [line:132] - 9960 - 11916 - autoUI-2020_11_03 - INFO: [32m[1mMaximize the current window.[0m
2020-11-03 19:44:15,606 - D:\CodeBase\auto\autoUI\utils\logger.py [line:132] - 9960 - 11916 - autoUI-2020_11_03 - INFO: [32m[1mSet implicitly wait 10 seconds.[0m
2020-11-03 19:44:17,501 - D:\CodeBase\auto\autoUI\utils\logger.py [line:132] - 9960 - 11916 - autoUI-2020_11_03 - INFO: [32m[1mVisit the web url - http://www.woshipm.com/.[0m
2020-11-03 19:46:28,514 - D:\CodeBase\auto\autoUI\utils\logger.py [line:132] - 9548 - 8408 - autoUI-2020_11_03 - INFO: [32m[1m==========å¼€å§‹ UIè‡ªåŠ¨åŒ–é¡¹ç›® æ‰§è¡Œæµ‹è¯•===========[0m
2020-11-03 19:46:28,517 - D:\CodeBase\auto\autoUI\utils\logger.py [line:132] - 9548 - 8408 - autoUI-2020_11_03 - INFO: [32m[1mYou had select D:\CodeBase\auto\autoUI\Chrome - browser.[0m
2020-11-03 19:46:31,945 - D:\CodeBase\auto\autoUI\utils\logger.py [line:140] - 9548 - 8408 - autoUI-2020_11_03 - DEBUG: [35m[1mNot found this browser - é»˜è®¤ä½¿ç”¨Chrome[0m
2020-11-03 19:46:33,085 - D:\CodeBase\auto\autoUI\utils\logger.py [line:132] - 9548 - 8408 - autoUI-2020_11_03 - INFO: [32m[1mMaximize the current window.[0m
2020-11-03 19:46:33,087 - D:\CodeBase\auto\autoUI\utils\logger.py [line:132] - 9548 - 8408 - autoUI-2020_11_03 - INFO: [32m[1mSet implicitly wait 10 seconds.[0m
2020-11-03 19:46:34,911 - D:\CodeBase\auto\autoUI\utils\logger.py [line:132] - 9548 - 8408 - autoUI-2020_11_03 - INFO: [32m[1mVisit the web url - http://www.woshipm.com/.[0m
2020-11-03 19:46:34,912 - D:\CodeBase\auto\autoUI\utils\logger.py [line:132] - 9548 - 8408 - autoUI-2020_11_03 - INFO: [32m[1m==========å¼€å§‹æ‰§è¡Œæµ‹è¯•ç”¨ä¾‹é›†===========[0m
2020-11-03 19:46:34,912 - D:\CodeBase\auto\autoUI\utils\logger.py [line:132] - 9548 - 8408 - autoUI-2020_11_03 - INFO: [32m[1m-------------------- <selenium.webdriver.chrome.webdriver.WebDriver (session="9e3d2ca0698f6fe2dd0af1852ae6ee9b")> ------------------------[0m
2020-11-03 19:46:34,914 - D:\CodeBase\auto\autoUI\utils\logger.py [line:132] - 9548 - 8408 - autoUI-2020_11_03 - INFO: [32m[1m æ‰§è¡Œ test_login_success æµ‹è¯•ç”¨ä¾‹ [0m
2020-11-03 19:46:34,914 - D:\CodeBase\auto\autoUI\utils\logger.py [line:132] - 9548 - 8408 - autoUI-2020_11_03 - INFO: [32m[1m<<æ­£å¸¸ç™»å½•æµ‹è¯•ç”¨ä¾‹>>[0m
2020-11-03 19:46:34,915 - D:\CodeBase\auto\autoUI\utils\logger.py [line:132] - 9548 - 8408 - autoUI-2020_11_03 - INFO: [32m[1mç™»å½•é¡µé¢_ç™»å½•åŠŸèƒ½ - ç‚¹å‡»é¡µé¢å…ƒç´ :xpath=>//header[@class='pm--metabar']//div/div[4]/span[0m
2020-11-03 19:46:35,773 - D:\CodeBase\auto\autoUI\utils\logger.py [line:132] - 9548 - 8408 - autoUI-2020_11_03 - INFO: [32m[1mç™»å½•é¡µé¢_ç™»å½•åŠŸèƒ½ - åˆ‡æ¢é¡µé¢è¡¨å•:xpath=>//iframe[starts-with(@id, 'top_login_frame')][0m
2020-11-03 19:46:35,807 - D:\CodeBase\auto\autoUI\utils\logger.py [line:132] - 9548 - 8408 - autoUI-2020_11_03 - INFO: [32m[1mç™»å½•é¡µé¢_ç™»å½•åŠŸèƒ½ - ç‚¹å‡»é¡µé¢å…ƒç´ :xpath=>//div[@class='tc-lo-main height515']/div[3][0m
2020-11-03 19:46:36,229 - D:\CodeBase\auto\autoUI\utils\logger.py [line:132] - 9548 - 8408 - autoUI-2020_11_03 - INFO: [32m[1mç™»å½•é¡µé¢_ç™»å½•åŠŸèƒ½ - é¡µé¢å…ƒç´ :xpath=>//div[@class='password-login-content wcc-small-form']/form/ul/li/input è¾“å…¥å€¼ 18144854885[0m
2020-11-03 19:46:36,373 - D:\CodeBase\auto\autoUI\utils\logger.py [line:132] - 9548 - 8408 - autoUI-2020_11_03 - INFO: [32m[1mç™»å½•é¡µé¢_ç™»å½•åŠŸèƒ½ - é¡µé¢å…ƒç´ :xpath=>//div[@class='password-login-content wcc-small-form']/form/ul/li[2]/input è¾“å…¥å€¼ lyj19564359[0m
2020-11-03 19:46:36,504 - D:\CodeBase\auto\autoUI\utils\logger.py [line:132] - 9548 - 8408 - autoUI-2020_11_03 - INFO: [32m[1mç™»å½•é¡µé¢_ç™»å½•åŠŸèƒ½ - ç‚¹å‡»é¡µé¢å…ƒç´ :xpath=>//div[@class='password-login-content wcc-small-form']/form/p[0m
2020-11-03 19:46:36,634 - D:\CodeBase\auto\autoUI\utils\logger.py [line:132] - 9548 - 8408 - autoUI-2020_11_03 - INFO: [32m[1mç™»å½•é¡µé¢_ç™»å½•åŠŸèƒ½ - åˆ‡å›ä¸»é¡µé¢ - switch back to default iframe[0m
2020-11-03 19:46:36,638 - D:\CodeBase\auto\autoUI\utils\logger.py [line:132] - 9548 - 8408 - autoUI-2020_11_03 - INFO: [32m[1mæœŸæœ›å€¼ï¼šTrue[0m
2020-11-03 19:46:36,638 - D:\CodeBase\auto\autoUI\utils\logger.py [line:132] - 9548 - 8408 - autoUI-2020_11_03 - INFO: [32m[1mç”¨æˆ·ç®¡ç†é¡µé¢_éªŒè¯ç™»å½•åŠŸèƒ½ - é¼ æ ‡æ‚¬åœæ“ä½œ[0m
2020-11-03 19:46:38,876 - D:\CodeBase\auto\autoUI\utils\logger.py [line:132] - 9548 - 8408 - autoUI-2020_11_03 - INFO: [32m[1mç”¨æˆ·ç®¡ç†é¡µé¢_éªŒè¯ç™»å½•åŠŸèƒ½ - è·å–é¡µé¢å…ƒç´ :xpath=>//header[@class='pm--metabar']/div/div/div[5]/div/div[2]/div[2]/div[2]/a[0m
2020-11-03 19:46:38,912 - D:\CodeBase\auto\autoUI\utils\logger.py [line:132] - 9548 - 8408 - autoUI-2020_11_03 - INFO: [32m[1må®é™…å€¼ï¼šTrue[0m
2020-11-03 19:46:38,912 - D:\CodeBase\auto\autoUI\utils\logger.py [line:132] - 9548 - 8408 - autoUI-2020_11_03 - INFO: [32m[1mç”¨æˆ·ç®¡ç†é¡µé¢_éªŒè¯ç™»å½•åŠŸèƒ½ - é¼ æ ‡æ‚¬åœæ“ä½œ[0m
2020-11-03 19:46:39,007 - D:\CodeBase\auto\autoUI\utils\logger.py [line:132] - 9548 - 8408 - autoUI-2020_11_03 - INFO: [32m[1mç”¨æˆ·ç®¡ç†é¡µé¢_éªŒè¯ç™»å½•åŠŸèƒ½ - è·å–é¡µé¢å…ƒç´ :xpath=>//header[@class='pm--metabar']/div/div/div[5]/div/div[2]/div[2]/div[2]/a[0m
2020-11-03 19:46:39,028 - D:\CodeBase\auto\autoUI\utils\logger.py [line:132] - 9548 - 8408 - autoUI-2020_11_03 - INFO: [32m[1m ç»“æŸæ‰§è¡Œ test_login_success æµ‹è¯•ç”¨ä¾‹ï¼Œ æµ‹è¯•ç»“æœ --- PASS [0m
2020-11-03 19:46:40,124 - D:\CodeBase\auto\autoUI\utils\logger.py [line:132] - 9548 - 8408 - autoUI-2020_11_03 - INFO: [32m[1mç™»å½•åŠŸèƒ½-æ­£å¸¸æµ‹è¯•-æ­£å¸¸æˆªå›¾æˆªå›¾æˆåŠŸï¼Œå›¾ç‰‡è·¯å¾„ä¸º: ç™»å½•åŠŸèƒ½-æ­£å¸¸æµ‹è¯•-æ­£å¸¸æˆªå›¾[0m
2020-11-03 19:46:40,128 - D:\CodeBase\auto\autoUI\utils\logger.py [line:132] - 9548 - 8408 - autoUI-2020_11_03 - INFO: [32m[1m==========ç»“æŸæ‰§è¡Œæµ‹è¯•ç”¨ä¾‹é›†===========[0m
2020-11-03 19:46:40,128 - D:\CodeBase\auto\autoUI\utils\logger.py [line:132] - 9548 - 8408 - autoUI-2020_11_03 - INFO: [32m[1m==========ç»“æŸ UIè‡ªåŠ¨åŒ–é¡¹ç›® æµ‹è¯•===========[0m
2020-11-03 19:48:13,370 - D:\CodeBase\auto\autoUI\utils\logger.py [line:132] - 15300 - 13760 - autoUI-2020_11_03 - INFO: [32m[1m==========å¼€å§‹ UIè‡ªåŠ¨åŒ–é¡¹ç›® æ‰§è¡Œæµ‹è¯•===========[0m
2020-11-03 19:48:13,372 - D:\CodeBase\auto\autoUI\utils\logger.py [line:132] - 15300 - 13760 - autoUI-2020_11_03 - INFO: [32m[1mYou had select D:\CodeBase\auto\autoUI\Chrome - browser.[0m
2020-11-03 19:48:16,844 - D:\CodeBase\auto\autoUI\utils\logger.py [line:140] - 15300 - 13760 - autoUI-2020_11_03 - DEBUG: [35m[1mNot found this browser - é»˜è®¤ä½¿ç”¨Chrome[0m
2020-11-03 19:48:17,966 - D:\CodeBase\auto\autoUI\utils\logger.py [line:132] - 15300 - 13760 - autoUI-2020_11_03 - INFO: [32m[1mMaximize the current window.[0m
2020-11-03 19:48:17,969 - D:\CodeBase\auto\autoUI\utils\logger.py [line:132] - 15300 - 13760 - autoUI-2020_11_03 - INFO: [32m[1mSet implicitly wait 10 seconds.[0m
2020-11-03 19:48:19,942 - D:\CodeBase\auto\autoUI\utils\logger.py [line:132] - 15300 - 13760 - autoUI-2020_11_03 - INFO: [32m[1mVisit the web url - http://www.woshipm.com/.[0m
2020-11-03 19:48:19,942 - D:\CodeBase\auto\autoUI\utils\logger.py [line:132] - 15300 - 13760 - autoUI-2020_11_03 - INFO: [32m[1m==========å¼€å§‹æ‰§è¡Œæµ‹è¯•ç”¨ä¾‹é›†===========[0m
2020-11-03 19:48:19,943 - D:\CodeBase\auto\autoUI\utils\logger.py [line:132] - 15300 - 13760 - autoUI-2020_11_03 - INFO: [32m[1m-------------------- <selenium.webdriver.chrome.webdriver.WebDriver (session="ffa75b6ee8f659e02148589c49cfc710")> ------------------------[0m
2020-11-03 19:48:19,944 - D:\CodeBase\auto\autoUI\utils\logger.py [line:132] - 15300 - 13760 - autoUI-2020_11_03 - INFO: [32m[1m æ‰§è¡Œ test_login_success æµ‹è¯•ç”¨ä¾‹ [0m
2020-11-03 19:48:19,945 - D:\CodeBase\auto\autoUI\utils\logger.py [line:132] - 15300 - 13760 - autoUI-2020_11_03 - INFO: [32m[1m<<æ­£å¸¸ç™»å½•æµ‹è¯•ç”¨ä¾‹>>[0m
2020-11-03 19:48:19,945 - D:\CodeBase\auto\autoUI\utils\logger.py [line:132] - 15300 - 13760 - autoUI-2020_11_03 - INFO: [32m[1mç™»å½•é¡µé¢_ç™»å½•åŠŸèƒ½ - ç‚¹å‡»é¡µé¢å…ƒç´ :xpath=>//header[@class='pm--metabar']//div/div[4]/span[0m
2020-11-03 19:48:30,772 - D:\CodeBase\auto\autoUI\utils\logger.py [line:132] - 15300 - 13760 - autoUI-2020_11_03 - INFO: [32m[1mç™»å½•é¡µé¢_ç™»å½•åŠŸèƒ½ - åˆ‡æ¢é¡µé¢è¡¨å•:xpath=>//iframe[starts-with(@id, 'top_login_frame')][0m
2020-11-03 19:48:30,823 - D:\CodeBase\auto\autoUI\utils\logger.py [line:132] - 15300 - 13760 - autoUI-2020_11_03 - INFO: [32m[1mç™»å½•é¡µé¢_ç™»å½•åŠŸèƒ½ - ç‚¹å‡»é¡µé¢å…ƒç´ :xpath=>//div[@class='tc-lo-main height515']/div[3][0m
2020-11-03 19:48:31,642 - D:\CodeBase\auto\autoUI\utils\logger.py [line:132] - 15300 - 13760 - autoUI-2020_11_03 - INFO: [32m[1mç™»å½•é¡µé¢_ç™»å½•åŠŸèƒ½ - é¡µé¢å…ƒç´ :xpath=>//div[@class='password-login-content wcc-small-form']/form/ul/li/input è¾“å…¥å€¼ 18144854885[0m
2020-11-03 19:48:31,774 - D:\CodeBase\auto\autoUI\utils\logger.py [line:132] - 15300 - 13760 - autoUI-2020_11_03 - INFO: [32m[1mç™»å½•é¡µé¢_ç™»å½•åŠŸèƒ½ - é¡µé¢å…ƒç´ :xpath=>//div[@class='password-login-content wcc-small-form']/form/ul/li[2]/input è¾“å…¥å€¼ lyj19564359[0m
2020-11-03 19:48:31,908 - D:\CodeBase\auto\autoUI\utils\logger.py [line:132] - 15300 - 13760 - autoUI-2020_11_03 - INFO: [32m[1mç™»å½•é¡µé¢_ç™»å½•åŠŸèƒ½ - ç‚¹å‡»é¡µé¢å…ƒç´ :xpath=>//div[@class='password-login-content wcc-small-form']/form/p[0m
2020-11-03 19:48:32,053 - D:\CodeBase\auto\autoUI\utils\logger.py [line:132] - 15300 - 13760 - autoUI-2020_11_03 - INFO: [32m[1mç™»å½•é¡µé¢_ç™»å½•åŠŸèƒ½ - åˆ‡å›ä¸»é¡µé¢ - switch back to default iframe[0m
2020-11-03 19:48:32,059 - D:\CodeBase\auto\autoUI\utils\logger.py [line:132] - 15300 - 13760 - autoUI-2020_11_03 - INFO: [32m[1mæœŸæœ›å€¼ï¼šTrue[0m
2020-11-03 19:48:32,059 - D:\CodeBase\auto\autoUI\utils\logger.py [line:132] - 15300 - 13760 - autoUI-2020_11_03 - INFO: [32m[1mç”¨æˆ·ç®¡ç†é¡µé¢_éªŒè¯ç™»å½•åŠŸèƒ½ - é¼ æ ‡æ‚¬åœæ“ä½œ[0m
2020-11-03 19:48:35,625 - D:\CodeBase\auto\autoUI\utils\logger.py [line:132] - 15300 - 13760 - autoUI-2020_11_03 - INFO: [32m[1mç”¨æˆ·ç®¡ç†é¡µé¢_éªŒè¯ç™»å½•åŠŸèƒ½ - è·å–é¡µé¢å…ƒç´ :xpath=>//header[@class='pm--metabar']/div/div/div[5]/div/div[2]/div[2]/div[2]/a[0m
2020-11-03 19:48:35,661 - D:\CodeBase\auto\autoUI\utils\logger.py [line:132] - 15300 - 13760 - autoUI-2020_11_03 - INFO: [32m[1må®é™…å€¼ï¼šTrue[0m
2020-11-03 19:48:35,662 - D:\CodeBase\auto\autoUI\utils\logger.py [line:132] - 15300 - 13760 - autoUI-2020_11_03 - INFO: [32m[1mç”¨æˆ·ç®¡ç†é¡µé¢_éªŒè¯ç™»å½•åŠŸèƒ½ - é¼ æ ‡æ‚¬åœæ“ä½œ[0m
2020-11-03 19:48:35,767 - D:\CodeBase\auto\autoUI\utils\logger.py [line:132] - 15300 - 13760 - autoUI-2020_11_03 - INFO: [32m[1mç”¨æˆ·ç®¡ç†é¡µé¢_éªŒè¯ç™»å½•åŠŸèƒ½ - è·å–é¡µé¢å…ƒç´ :xpath=>//header[@class='pm--metabar']/div/div/div[5]/div/div[2]/div[2]/div[2]/a[0m
2020-11-03 19:48:35,785 - D:\CodeBase\auto\autoUI\utils\logger.py [line:132] - 15300 - 13760 - autoUI-2020_11_03 - INFO: [32m[1m ç»“æŸæ‰§è¡Œ test_login_success æµ‹è¯•ç”¨ä¾‹ï¼Œ æµ‹è¯•ç»“æœ --- PASS [0m
2020-11-03 19:48:36,795 - D:\CodeBase\auto\autoUI\utils\logger.py [line:132] - 15300 - 13760 - autoUI-2020_11_03 - INFO: [32m[1mç™»å½•åŠŸèƒ½-æ­£å¸¸æµ‹è¯•-æ­£å¸¸æˆªå›¾æˆªå›¾æˆåŠŸï¼Œå›¾ç‰‡è·¯å¾„ä¸º: ç™»å½•åŠŸèƒ½-æ­£å¸¸æµ‹è¯•-æ­£å¸¸æˆªå›¾[0m
2020-11-03 19:48:36,800 - D:\CodeBase\auto\autoUI\utils\logger.py [line:132] - 15300 - 13760 - autoUI-2020_11_03 - INFO: [32m[1m==========ç»“æŸæ‰§è¡Œæµ‹è¯•ç”¨ä¾‹é›†===========[0m
2020-11-03 19:48:36,801 - D:\CodeBase\auto\autoUI\utils\logger.py [line:132] - 15300 - 13760 - autoUI-2020_11_03 - INFO: [32m[1m==========ç»“æŸ UIè‡ªåŠ¨åŒ–é¡¹ç›® æµ‹è¯•===========[0m
2020-11-03 21:33:14,007 - D:\CodeBase\auto\autoUI\utils\logger.py [line:132] - 9912 - 1780 - autoUI-2020_11_03 - INFO: [32m[1m==========å¼€å§‹ UIè‡ªåŠ¨åŒ–é¡¹ç›® æ‰§è¡Œæµ‹è¯•===========[0m
2020-11-03 21:33:14,009 - D:\CodeBase\auto\autoUI\utils\logger.py [line:132] - 9912 - 1780 - autoUI-2020_11_03 - INFO: [32m[1mYou had select D:\CodeBase\auto\autoUI\Chrome - browser.[0m
2020-11-03 21:33:17,476 - D:\CodeBase\auto\autoUI\utils\logger.py [line:140] - 9912 - 1780 - autoUI-2020_11_03 - DEBUG: [35m[1mNot found the browser - é»˜è®¤ä½¿ç”¨Chrome<æœ‰ç•Œé¢>[0m
2020-11-03 21:33:18,601 - D:\CodeBase\auto\autoUI\utils\logger.py [line:132] - 9912 - 1780 - autoUI-2020_11_03 - INFO: [32m[1mMaximize the current window.[0m
2020-11-03 21:33:18,603 - D:\CodeBase\auto\autoUI\utils\logger.py [line:132] - 9912 - 1780 - autoUI-2020_11_03 - INFO: [32m[1mSet implicitly wait 10 seconds.[0m
2020-11-03 21:33:21,894 - D:\CodeBase\auto\autoUI\utils\logger.py [line:132] - 9912 - 1780 - autoUI-2020_11_03 - INFO: [32m[1mVisit the web url - http://www.woshipm.com/.[0m
2020-11-03 21:33:21,895 - D:\CodeBase\auto\autoUI\utils\logger.py [line:132] - 9912 - 1780 - autoUI-2020_11_03 - INFO: [32m[1m==========å¼€å§‹æ‰§è¡Œæµ‹è¯•ç”¨ä¾‹é›†===========[0m
2020-11-03 21:33:21,895 - D:\CodeBase\auto\autoUI\utils\logger.py [line:132] - 9912 - 1780 - autoUI-2020_11_03 - INFO: [32m[1m-------------------- <selenium.webdriver.chrome.webdriver.WebDriver (session="4ee621b703112b39cf321b35f9a29908")> ------------------------[0m
2020-11-03 21:33:21,897 - D:\CodeBase\auto\autoUI\utils\logger.py [line:132] - 9912 - 1780 - autoUI-2020_11_03 - INFO: [32m[1m æ‰§è¡Œ test_login_success æµ‹è¯•ç”¨ä¾‹ [0m
2020-11-03 21:33:21,897 - D:\CodeBase\auto\autoUI\utils\logger.py [line:132] - 9912 - 1780 - autoUI-2020_11_03 - INFO: [32m[1m<<æ­£å¸¸ç™»å½•æµ‹è¯•ç”¨ä¾‹>>[0m
2020-11-03 21:33:21,897 - D:\CodeBase\auto\autoUI\utils\logger.py [line:132] - 9912 - 1780 - autoUI-2020_11_03 - INFO: [32m[1mç™»å½•é¡µé¢_ç™»å½•åŠŸèƒ½ - ç‚¹å‡»é¡µé¢å…ƒç´ :xpath=>//header[@class='pm--metabar']//div/div[4]/span[0m
2020-11-03 21:33:23,163 - D:\CodeBase\auto\autoUI\utils\logger.py [line:132] - 9912 - 1780 - autoUI-2020_11_03 - INFO: [32m[1mç™»å½•é¡µé¢_ç™»å½•åŠŸèƒ½ - åˆ‡æ¢é¡µé¢è¡¨å•:xpath=>//iframe[starts-with(@id, 'top_login_frame')][0m
2020-11-03 21:33:23,202 - D:\CodeBase\auto\autoUI\utils\logger.py [line:132] - 9912 - 1780 - autoUI-2020_11_03 - INFO: [32m[1mç™»å½•é¡µé¢_ç™»å½•åŠŸèƒ½ - ç‚¹å‡»é¡µé¢å…ƒç´ :xpath=>//div[@class='tc-lo-main height515']/div[3][0m
2020-11-03 21:33:23,583 - D:\CodeBase\auto\autoUI\utils\logger.py [line:132] - 9912 - 1780 - autoUI-2020_11_03 - INFO: [32m[1mç™»å½•é¡µé¢_ç™»å½•åŠŸèƒ½ - é¡µé¢å…ƒç´ :xpath=>//div[@class='password-login-content wcc-small-form']/form/ul/li/input è¾“å…¥å€¼ 18144854885[0m
2020-11-03 21:33:23,718 - D:\CodeBase\auto\autoUI\utils\logger.py [line:132] - 9912 - 1780 - autoUI-2020_11_03 - INFO: [32m[1mç™»å½•é¡µé¢_ç™»å½•åŠŸèƒ½ - é¡µé¢å…ƒç´ :xpath=>//div[@class='password-login-content wcc-small-form']/form/ul/li[2]/input è¾“å…¥å€¼ lyj19564359[0m
2020-11-03 21:33:23,887 - D:\CodeBase\auto\autoUI\utils\logger.py [line:132] - 9912 - 1780 - autoUI-2020_11_03 - INFO: [32m[1mç™»å½•é¡µé¢_ç™»å½•åŠŸèƒ½ - ç‚¹å‡»é¡µé¢å…ƒç´ :xpath=>//div[@class='password-login-content wcc-small-form']/form/p[0m
2020-11-03 21:33:24,043 - D:\CodeBase\auto\autoUI\utils\logger.py [line:132] - 9912 - 1780 - autoUI-2020_11_03 - INFO: [32m[1mç™»å½•é¡µé¢_ç™»å½•åŠŸèƒ½ - åˆ‡å›ä¸»é¡µé¢ - switch back to default iframe[0m
2020-11-03 21:33:24,049 - D:\CodeBase\auto\autoUI\utils\logger.py [line:132] - 9912 - 1780 - autoUI-2020_11_03 - INFO: [32m[1mæœŸæœ›å€¼ï¼šTrue[0m
2020-11-03 21:33:24,049 - D:\CodeBase\auto\autoUI\utils\logger.py [line:132] - 9912 - 1780 - autoUI-2020_11_03 - INFO: [32m[1mç”¨æˆ·ç®¡ç†é¡µé¢_éªŒè¯ç™»å½•åŠŸèƒ½ - é¼ æ ‡æ‚¬åœæ“ä½œ[0m
2020-11-03 21:33:26,730 - D:\CodeBase\auto\autoUI\utils\logger.py [line:132] - 9912 - 1780 - autoUI-2020_11_03 - INFO: [32m[1mç”¨æˆ·ç®¡ç†é¡µé¢_éªŒè¯ç™»å½•åŠŸèƒ½ - è·å–é¡µé¢å…ƒç´ :xpath=>//header[@class='pm--metabar']/div/div/div[5]/div/div[2]/div[2]/div[2]/a[0m
2020-11-03 21:33:26,767 - D:\CodeBase\auto\autoUI\utils\logger.py [line:132] - 9912 - 1780 - autoUI-2020_11_03 - INFO: [32m[1må®é™…å€¼ï¼šTrue[0m
2020-11-03 21:33:26,768 - D:\CodeBase\auto\autoUI\utils\logger.py [line:132] - 9912 - 1780 - autoUI-2020_11_03 - INFO: [32m[1mç”¨æˆ·ç®¡ç†é¡µé¢_éªŒè¯ç™»å½•åŠŸèƒ½ - é¼ æ ‡æ‚¬åœæ“ä½œ[0m
2020-11-03 21:33:26,846 - D:\CodeBase\auto\autoUI\utils\logger.py [line:132] - 9912 - 1780 - autoUI-2020_11_03 - INFO: [32m[1mç”¨æˆ·ç®¡ç†é¡µé¢_éªŒè¯ç™»å½•åŠŸèƒ½ - è·å–é¡µé¢å…ƒç´ :xpath=>//header[@class='pm--metabar']/div/div/div[5]/div/div[2]/div[2]/div[2]/a[0m
2020-11-03 21:33:26,864 - D:\CodeBase\auto\autoUI\utils\logger.py [line:132] - 9912 - 1780 - autoUI-2020_11_03 - INFO: [32m[1m ç»“æŸæ‰§è¡Œ test_login_success æµ‹è¯•ç”¨ä¾‹ï¼Œ æµ‹è¯•ç»“æœ --- PASS [0m
2020-11-03 21:33:27,875 - D:\CodeBase\auto\autoUI\utils\logger.py [line:132] - 9912 - 1780 - autoUI-2020_11_03 - INFO: [32m[1mç™»å½•åŠŸèƒ½-æ­£å¸¸æµ‹è¯•-æ­£å¸¸æˆªå›¾æˆªå›¾æˆåŠŸï¼Œå›¾ç‰‡è·¯å¾„ä¸º: ç™»å½•åŠŸèƒ½-æ­£å¸¸æµ‹è¯•-æ­£å¸¸æˆªå›¾[0m
2020-11-03 21:33:27,882 - D:\CodeBase\auto\autoUI\utils\logger.py [line:132] - 9912 - 1780 - autoUI-2020_11_03 - INFO: [32m[1m==========ç»“æŸæ‰§è¡Œæµ‹è¯•ç”¨ä¾‹é›†===========[0m
2020-11-03 21:33:27,882 - D:\CodeBase\auto\autoUI\utils\logger.py [line:132] - 9912 - 1780 - autoUI-2020_11_03 - INFO: [32m[1m==========ç»“æŸ UIè‡ªåŠ¨åŒ–é¡¹ç›® æµ‹è¯•===========[0m
2020-11-03 21:45:17,699 - D:\CodeBase\auto\autoUI\utils\logger.py [line:132] - 9768 - 9144 - autoUI-2020_11_03 - INFO: [32m[1m==========å¼€å§‹ UIè‡ªåŠ¨åŒ–é¡¹ç›® æ‰§è¡Œæµ‹è¯•===========[0m
2020-11-03 21:45:17,700 - D:\CodeBase\auto\autoUI\utils\logger.py [line:132] - 9768 - 9144 - autoUI-2020_11_03 - INFO: [32m[1mYou had select D:\CodeBase\auto\autoUI\Chrome - browser.[0m
2020-11-03 21:45:21,164 - D:\CodeBase\auto\autoUI\utils\logger.py [line:140] - 9768 - 9144 - autoUI-2020_11_03 - DEBUG: [35m[1mNot found the browser - é»˜è®¤ä½¿ç”¨Chrome<æœ‰ç•Œé¢>[0m
2020-11-03 21:45:22,286 - D:\CodeBase\auto\autoUI\utils\logger.py [line:132] - 9768 - 9144 - autoUI-2020_11_03 - INFO: [32m[1mMaximize the current window.[0m
2020-11-03 21:45:22,288 - D:\CodeBase\auto\autoUI\utils\logger.py [line:132] - 9768 - 9144 - autoUI-2020_11_03 - INFO: [32m[1mSet implicitly wait 10 seconds.[0m
2020-11-03 21:45:24,175 - D:\CodeBase\auto\autoUI\utils\logger.py [line:132] - 9768 - 9144 - autoUI-2020_11_03 - INFO: [32m[1mVisit the web url - http://www.woshipm.com/.[0m
2020-11-03 21:45:24,176 - D:\CodeBase\auto\autoUI\utils\logger.py [line:132] - 9768 - 9144 - autoUI-2020_11_03 - INFO: [32m[1m==========å¼€å§‹æ‰§è¡Œæµ‹è¯•ç”¨ä¾‹é›†===========[0m
2020-11-03 21:45:24,176 - D:\CodeBase\auto\autoUI\utils\logger.py [line:132] - 9768 - 9144 - autoUI-2020_11_03 - INFO: [32m[1m-------------------- <selenium.webdriver.chrome.webdriver.WebDriver (session="e28252f3f50557ca34779fdb65a6d601")> ------------------------[0m
2020-11-03 21:45:24,178 - D:\CodeBase\auto\autoUI\utils\logger.py [line:132] - 9768 - 9144 - autoUI-2020_11_03 - INFO: [32m[1m æ‰§è¡Œ test_login_success æµ‹è¯•ç”¨ä¾‹ [0m
2020-11-03 21:45:24,179 - D:\CodeBase\auto\autoUI\utils\logger.py [line:132] - 9768 - 9144 - autoUI-2020_11_03 - INFO: [32m[1m<<æ­£å¸¸ç™»å½•æµ‹è¯•ç”¨ä¾‹>>[0m
2020-11-03 21:45:24,179 - D:\CodeBase\auto\autoUI\utils\logger.py [line:132] - 9768 - 9144 - autoUI-2020_11_03 - INFO: [32m[1mç™»å½•é¡µé¢_ç™»å½•åŠŸèƒ½ - ç‚¹å‡»é¡µé¢å…ƒç´ :xpath=>//header[@class='pm--metabar']//div/div[4]/span[0m
2020-11-03 21:45:24,971 - D:\CodeBase\auto\autoUI\utils\logger.py [line:132] - 9768 - 9144 - autoUI-2020_11_03 - INFO: [32m[1mç™»å½•é¡µé¢_ç™»å½•åŠŸèƒ½ - åˆ‡æ¢é¡µé¢è¡¨å•:xpath=>//iframe[starts-with(@id, 'top_login_frame')][0m
2020-11-03 21:45:25,005 - D:\CodeBase\auto\autoUI\utils\logger.py [line:132] - 9768 - 9144 - autoUI-2020_11_03 - INFO: [32m[1mç™»å½•é¡µé¢_ç™»å½•åŠŸèƒ½ - ç‚¹å‡»é¡µé¢å…ƒç´ :xpath=>//div[@class='tc-lo-main height515']/div[3][0m
2020-11-03 21:45:25,408 - D:\CodeBase\auto\autoUI\utils\logger.py [line:132] - 9768 - 9144 - autoUI-2020_11_03 - INFO: [32m[1mç™»å½•é¡µé¢_ç™»å½•åŠŸèƒ½ - é¡µé¢å…ƒç´ :xpath=>//div[@class='password-login-content wcc-small-form']/form/ul/li/input è¾“å…¥å€¼ 18144854885[0m
2020-11-03 21:45:25,568 - D:\CodeBase\auto\autoUI\utils\logger.py [line:132] - 9768 - 9144 - autoUI-2020_11_03 - INFO: [32m[1mç™»å½•é¡µé¢_ç™»å½•åŠŸèƒ½ - é¡µé¢å…ƒç´ :xpath=>//div[@class='password-login-content wcc-small-form']/form/ul/li[2]/input è¾“å…¥å€¼ lyj19564359[0m
2020-11-03 21:45:25,704 - D:\CodeBase\auto\autoUI\utils\logger.py [line:132] - 9768 - 9144 - autoUI-2020_11_03 - INFO: [32m[1mç™»å½•é¡µé¢_ç™»å½•åŠŸèƒ½ - ç‚¹å‡»é¡µé¢å…ƒç´ :xpath=>//div[@class='password-login-content wcc-small-form']/form/p[0m
2020-11-03 21:45:25,866 - D:\CodeBase\auto\autoUI\utils\logger.py [line:132] - 9768 - 9144 - autoUI-2020_11_03 - INFO: [32m[1mç™»å½•é¡µé¢_ç™»å½•åŠŸèƒ½ - åˆ‡å›ä¸»é¡µé¢ - switch back to default iframe[0m
2020-11-03 21:45:25,869 - D:\CodeBase\auto\autoUI\utils\logger.py [line:132] - 9768 - 9144 - autoUI-2020_11_03 - INFO: [32m[1m login è„šæœ¬è¿è¡Œæ­£å¸¸[0m
2020-11-03 21:45:25,869 - D:\CodeBase\auto\autoUI\utils\logger.py [line:132] - 9768 - 9144 - autoUI-2020_11_03 - INFO: [32m[1mæœŸæœ›å€¼ï¼šTrue[0m
2020-11-03 21:45:25,869 - D:\CodeBase\auto\autoUI\utils\logger.py [line:132] - 9768 - 9144 - autoUI-2020_11_03 - INFO: [32m[1mç”¨æˆ·ç®¡ç†é¡µé¢_éªŒè¯ç™»å½•åŠŸèƒ½ - é¼ æ ‡æ‚¬åœæ“ä½œ[0m
2020-11-03 21:45:28,318 - D:\CodeBase\auto\autoUI\utils\logger.py [line:132] - 9768 - 9144 - autoUI-2020_11_03 - INFO: [32m[1mç”¨æˆ·ç®¡ç†é¡µé¢_éªŒè¯ç™»å½•åŠŸèƒ½ - è·å–é¡µé¢å…ƒç´ :xpath=>//header[@class='pm--metabar']/div/div/div[5]/div/div[2]/div[2]/div[2]/a[0m
2020-11-03 21:45:28,352 - D:\CodeBase\auto\autoUI\utils\logger.py [line:132] - 9768 - 9144 - autoUI-2020_11_03 - INFO: [32m[1må®é™…å€¼ï¼šTrue[0m
2020-11-03 21:45:28,353 - D:\CodeBase\auto\autoUI\utils\logger.py [line:132] - 9768 - 9144 - autoUI-2020_11_03 - INFO: [32m[1mç”¨æˆ·ç®¡ç†é¡µé¢_éªŒè¯ç™»å½•åŠŸèƒ½ - é¼ æ ‡æ‚¬åœæ“ä½œ[0m
2020-11-03 21:45:28,434 - D:\CodeBase\auto\autoUI\utils\logger.py [line:132] - 9768 - 9144 - autoUI-2020_11_03 - INFO: [32m[1mç”¨æˆ·ç®¡ç†é¡µé¢_éªŒè¯ç™»å½•åŠŸèƒ½ - è·å–é¡µé¢å…ƒç´ :xpath=>//header[@class='pm--metabar']/div/div/div[5]/div/div[2]/div[2]/div[2]/a[0m
2020-11-03 21:45:28,453 - D:\CodeBase\auto\autoUI\utils\logger.py [line:132] - 9768 - 9144 - autoUI-2020_11_03 - INFO: [32m[1m ç»“æŸæ‰§è¡Œ test_login_success æµ‹è¯•ç”¨ä¾‹ï¼Œ æµ‹è¯•ç»“æœ --- PASS [0m
2020-11-03 21:45:29,502 - D:\CodeBase\auto\autoUI\utils\logger.py [line:132] - 9768 - 9144 - autoUI-2020_11_03 - INFO: [32m[1mç™»å½•åŠŸèƒ½-æ­£å¸¸æµ‹è¯•-æ­£å¸¸æˆªå›¾æˆªå›¾æˆåŠŸï¼Œå›¾ç‰‡è·¯å¾„ä¸º: ç™»å½•åŠŸèƒ½-æ­£å¸¸æµ‹è¯•-æ­£å¸¸æˆªå›¾[0m
2020-11-03 21:45:29,505 - D:\CodeBase\auto\autoUI\utils\logger.py [line:132] - 9768 - 9144 - autoUI-2020_11_03 - INFO: [32m[1m==========ç»“æŸæ‰§è¡Œæµ‹è¯•ç”¨ä¾‹é›†===========[0m
2020-11-03 21:45:29,507 - D:\CodeBase\auto\autoUI\utils\logger.py [line:132] - 9768 - 9144 - autoUI-2020_11_03 - INFO: [32m[1m==========ç»“æŸ UIè‡ªåŠ¨åŒ–é¡¹ç›® æµ‹è¯•===========[0m
2020-11-03 21:45:45,859 - D:\CodeBase\auto\autoUI\utils\logger.py [line:132] - 2864 - 2160 - autoUI-2020_11_03 - INFO: [32m[1m==========å¼€å§‹ UIè‡ªåŠ¨åŒ–é¡¹ç›® æ‰§è¡Œæµ‹è¯•===========[0m
2020-11-03 21:45:45,861 - D:\CodeBase\auto\autoUI\utils\logger.py [line:132] - 2864 - 2160 - autoUI-2020_11_03 - INFO: [32m[1mYou had select D:\CodeBase\auto\autoUI\Chrome - browser.[0m
2020-11-03 21:45:49,204 - D:\CodeBase\auto\autoUI\utils\logger.py [line:140] - 2864 - 2160 - autoUI-2020_11_03 - DEBUG: [35m[1mNot found the browser - é»˜è®¤ä½¿ç”¨Chrome<æœ‰ç•Œé¢>[0m
2020-11-03 21:45:50,329 - D:\CodeBase\auto\autoUI\utils\logger.py [line:132] - 2864 - 2160 - autoUI-2020_11_03 - INFO: [32m[1mMaximize the current window.[0m
2020-11-03 21:45:50,331 - D:\CodeBase\auto\autoUI\utils\logger.py [line:132] - 2864 - 2160 - autoUI-2020_11_03 - INFO: [32m[1mSet implicitly wait 10 seconds.[0m
2020-11-03 21:45:53,321 - D:\CodeBase\auto\autoUI\utils\logger.py [line:132] - 2864 - 2160 - autoUI-2020_11_03 - INFO: [32m[1mVisit the web url - http://www.woshipm.com/.[0m
2020-11-03 21:45:53,322 - D:\CodeBase\auto\autoUI\utils\logger.py [line:132] - 2864 - 2160 - autoUI-2020_11_03 - INFO: [32m[1m==========å¼€å§‹æ‰§è¡Œæµ‹è¯•ç”¨ä¾‹é›†===========[0m
2020-11-03 21:45:53,322 - D:\CodeBase\auto\autoUI\utils\logger.py [line:132] - 2864 - 2160 - autoUI-2020_11_03 - INFO: [32m[1m-------------------- <selenium.webdriver.chrome.webdriver.WebDriver (session="6b142c567cc50ba5e45de7c38aa68fa1")> ------------------------[0m
2020-11-03 21:45:53,324 - D:\CodeBase\auto\autoUI\utils\logger.py [line:132] - 2864 - 2160 - autoUI-2020_11_03 - INFO: [32m[1m æ‰§è¡Œ test_login_success æµ‹è¯•ç”¨ä¾‹ [0m
2020-11-03 21:45:53,324 - D:\CodeBase\auto\autoUI\utils\logger.py [line:132] - 2864 - 2160 - autoUI-2020_11_03 - INFO: [32m[1m<<æ­£å¸¸ç™»å½•æµ‹è¯•ç”¨ä¾‹>>[0m
2020-11-03 21:45:53,324 - D:\CodeBase\auto\autoUI\utils\logger.py [line:132] - 2864 - 2160 - autoUI-2020_11_03 - INFO: [32m[1mç™»å½•é¡µé¢_ç™»å½•åŠŸèƒ½ - ç‚¹å‡»é¡µé¢å…ƒç´ :xpath=>//header[@class='pm--metabar']//div/div[4]/span[0m
2020-11-03 21:45:54,157 - D:\CodeBase\auto\autoUI\utils\logger.py [line:132] - 2864 - 2160 - autoUI-2020_11_03 - INFO: [32m[1mç™»å½•é¡µé¢_ç™»å½•åŠŸèƒ½ - åˆ‡æ¢é¡µé¢è¡¨å•:xpath=>//iframe[starts-with(@id, 'top_login_frame')][0m
2020-11-03 21:45:54,191 - D:\CodeBase\auto\autoUI\utils\logger.py [line:132] - 2864 - 2160 - autoUI-2020_11_03 - INFO: [32m[1mç™»å½•é¡µé¢_ç™»å½•åŠŸèƒ½ - ç‚¹å‡»é¡µé¢å…ƒç´ :xpath=>//div[@class='tc-lo-main height515']/div[3][0m
2020-11-03 21:45:54,552 - D:\CodeBase\auto\autoUI\utils\logger.py [line:132] - 2864 - 2160 - autoUI-2020_11_03 - INFO: [32m[1mç™»å½•é¡µé¢_ç™»å½•åŠŸèƒ½ - é¡µé¢å…ƒç´ :xpath=>//div[@class='password-login-content wcc-small-form']/form/ul/li/input è¾“å…¥å€¼ 18144854885[0m
2020-11-03 21:45:54,681 - D:\CodeBase\auto\autoUI\utils\logger.py [line:132] - 2864 - 2160 - autoUI-2020_11_03 - INFO: [32m[1mç™»å½•é¡µé¢_ç™»å½•åŠŸèƒ½ - é¡µé¢å…ƒç´ :xpath=>//div[@class='password-login-content wcc-small-form']/form/ul/li[2]/inputs è¾“å…¥å€¼ lyj19564359[0m
2020-11-03 21:46:05,737 - D:\CodeBase\auto\autoUI\utils\logger.py [line:136] - 2864 - 2160 - autoUI-2020_11_03 - ERROR: [31m[1mç™»å½•é¡µé¢_ç™»å½•åŠŸèƒ½ - é¡µé¢å…ƒç´ è¾“å…¥å¤±è´¥ï¼ï¼ï¼[0m
2020-11-03 21:46:05,929 - D:\CodeBase\auto\autoUI\utils\logger.py [line:132] - 2864 - 2160 - autoUI-2020_11_03 - INFO: [32m[1m==========ç»“æŸæ‰§è¡Œæµ‹è¯•ç”¨ä¾‹é›†===========[0m
2020-11-03 21:46:05,929 - D:\CodeBase\auto\autoUI\utils\logger.py [line:132] - 2864 - 2160 - autoUI-2020_11_03 - INFO: [32m[1m==========ç»“æŸ UIè‡ªåŠ¨åŒ–é¡¹ç›® æµ‹è¯•===========[0m
2020-11-03 21:48:33,209 - D:\CodeBase\auto\autoUI\utils\logger.py [line:132] - 14652 - 12900 - autoUI-2020_11_03 - INFO: [32m[1m==========å¼€å§‹ UIè‡ªåŠ¨åŒ–é¡¹ç›® æ‰§è¡Œæµ‹è¯•===========[0m
2020-11-03 21:48:33,211 - D:\CodeBase\auto\autoUI\utils\logger.py [line:132] - 14652 - 12900 - autoUI-2020_11_03 - INFO: [32m[1mYou had select D:\CodeBase\auto\autoUI\Chrome - browser.[0m
2020-11-03 21:48:36,694 - D:\CodeBase\auto\autoUI\utils\logger.py [line:140] - 14652 - 12900 - autoUI-2020_11_03 - DEBUG: [35m[1mNot found the browser - é»˜è®¤ä½¿ç”¨Chrome<æœ‰ç•Œé¢>[0m
2020-11-03 21:48:37,817 - D:\CodeBase\auto\autoUI\utils\logger.py [line:132] - 14652 - 12900 - autoUI-2020_11_03 - INFO: [32m[1mMaximize the current window.[0m
2020-11-03 21:48:37,820 - D:\CodeBase\auto\autoUI\utils\logger.py [line:132] - 14652 - 12900 - autoUI-2020_11_03 - INFO: [32m[1mSet implicitly wait 10 seconds.[0m
2020-11-03 21:48:39,828 - D:\CodeBase\auto\autoUI\utils\logger.py [line:132] - 14652 - 12900 - autoUI-2020_11_03 - INFO: [32m[1mVisit the web url - http://www.woshipm.com/.[0m
2020-11-03 21:48:39,829 - D:\CodeBase\auto\autoUI\utils\logger.py [line:132] - 14652 - 12900 - autoUI-2020_11_03 - INFO: [32m[1m==========å¼€å§‹æ‰§è¡Œæµ‹è¯•ç”¨ä¾‹é›†===========[0m
2020-11-03 21:48:39,829 - D:\CodeBase\auto\autoUI\utils\logger.py [line:132] - 14652 - 12900 - autoUI-2020_11_03 - INFO: [32m[1m-------------------- <selenium.webdriver.chrome.webdriver.WebDriver (session="9a13ac9ed8ab5edac64bd0e79887464b")> ------------------------[0m
2020-11-03 21:48:39,831 - D:\CodeBase\auto\autoUI\utils\logger.py [line:132] - 14652 - 12900 - autoUI-2020_11_03 - INFO: [32m[1m æ‰§è¡Œ test_login_success æµ‹è¯•ç”¨ä¾‹ [0m
2020-11-03 21:48:39,831 - D:\CodeBase\auto\autoUI\utils\logger.py [line:132] - 14652 - 12900 - autoUI-2020_11_03 - INFO: [32m[1m<<æ­£å¸¸ç™»å½•æµ‹è¯•ç”¨ä¾‹>>[0m
2020-11-03 21:48:39,831 - D:\CodeBase\auto\autoUI\utils\logger.py [line:132] - 14652 - 12900 - autoUI-2020_11_03 - INFO: [32m[1mç™»å½•é¡µé¢_ç™»å½•åŠŸèƒ½ - ç‚¹å‡»é¡µé¢å…ƒç´ :xpath=>//header[@class='pm--metabar']//div/div[4]/span[0m
2020-11-03 21:48:40,630 - D:\CodeBase\auto\autoUI\utils\logger.py [line:132] - 14652 - 12900 - autoUI-2020_11_03 - INFO: [32m[1mç™»å½•é¡µé¢_ç™»å½•åŠŸèƒ½ - åˆ‡æ¢é¡µé¢è¡¨å•:xpath=>//iframe[starts-with(@id, 'top_login_frame')][0m
2020-11-03 21:48:40,665 - D:\CodeBase\auto\autoUI\utils\logger.py [line:132] - 14652 - 12900 - autoUI-2020_11_03 - INFO: [32m[1mç™»å½•é¡µé¢_ç™»å½•åŠŸèƒ½ - ç‚¹å‡»é¡µé¢å…ƒç´ :xpath=>//div[@class='tc-lo-main height515']/div[3][0m
2020-11-03 21:48:41,297 - D:\CodeBase\auto\autoUI\utils\logger.py [line:132] - 14652 - 12900 - autoUI-2020_11_03 - INFO: [32m[1mç™»å½•é¡µé¢_ç™»å½•åŠŸèƒ½ - é¡µé¢å…ƒç´ :xpath=>//div[@class='password-login-content wcc-small-form']/form/ul/li/input è¾“å…¥å€¼ 18144854885[0m
2020-11-03 21:48:41,451 - D:\CodeBase\auto\autoUI\utils\logger.py [line:132] - 14652 - 12900 - autoUI-2020_11_03 - INFO: [32m[1mç™»å½•é¡µé¢_ç™»å½•åŠŸèƒ½ - é¡µé¢å…ƒç´ :xpath=>//div[@class='password-login-content wcc-small-form']/form/ul/li[2]/inputs è¾“å…¥å€¼ lyj19564359[0m
2020-11-03 21:48:52,502 - D:\CodeBase\auto\autoUI\utils\logger.py [line:136] - 14652 - 12900 - autoUI-2020_11_03 - ERROR: [31m[1mç™»å½•é¡µé¢_ç™»å½•åŠŸèƒ½ - é¡µé¢å…ƒç´ è¾“å…¥å¤±è´¥ï¼ï¼ï¼[0m
2020-11-03 21:48:52,676 - D:\CodeBase\auto\autoUI\utils\logger.py [line:132] - 14652 - 12900 - autoUI-2020_11_03 - INFO: [32m[1m==========ç»“æŸæ‰§è¡Œæµ‹è¯•ç”¨ä¾‹é›†===========[0m
2020-11-03 21:48:52,676 - D:\CodeBase\auto\autoUI\utils\logger.py [line:132] - 14652 - 12900 - autoUI-2020_11_03 - INFO: [32m[1m==========ç»“æŸ UIè‡ªåŠ¨åŒ–é¡¹ç›® æµ‹è¯•===========[0m
2020-11-03 21:51:27,447 - D:\CodeBase\auto\autoUI\utils\logger.py [line:132] - 11572 - 11256 - autoUI-2020_11_03 - INFO: [32m[1m==========å¼€å§‹ UIè‡ªåŠ¨åŒ–é¡¹ç›® æ‰§è¡Œæµ‹è¯•===========[0m
2020-11-03 21:51:27,449 - D:\CodeBase\auto\autoUI\utils\logger.py [line:132] - 11572 - 11256 - autoUI-2020_11_03 - INFO: [32m[1mYou had select D:\CodeBase\auto\autoUI\Chrome - browser.[0m
2020-11-03 21:51:30,979 - D:\CodeBase\auto\autoUI\utils\logger.py [line:140] - 11572 - 11256 - autoUI-2020_11_03 - DEBUG: [35m[1mNot found the browser - é»˜è®¤ä½¿ç”¨Chrome<æœ‰ç•Œé¢>[0m
2020-11-03 21:51:32,103 - D:\CodeBase\auto\autoUI\utils\logger.py [line:132] - 11572 - 11256 - autoUI-2020_11_03 - INFO: [32m[1mMaximize the current window.[0m
2020-11-03 21:51:32,105 - D:\CodeBase\auto\autoUI\utils\logger.py [line:132] - 11572 - 11256 - autoUI-2020_11_03 - INFO: [32m[1mSet implicitly wait 10 seconds.[0m
2020-11-03 21:51:34,242 - D:\CodeBase\auto\autoUI\utils\logger.py [line:132] - 11572 - 11256 - autoUI-2020_11_03 - INFO: [32m[1mVisit the web url - http://www.woshipm.com/.[0m
2020-11-03 21:51:34,243 - D:\CodeBase\auto\autoUI\utils\logger.py [line:132] - 11572 - 11256 - autoUI-2020_11_03 - INFO: [32m[1m==========å¼€å§‹æ‰§è¡Œæµ‹è¯•ç”¨ä¾‹é›†===========[0m
2020-11-03 21:51:34,243 - D:\CodeBase\auto\autoUI\utils\logger.py [line:132] - 11572 - 11256 - autoUI-2020_11_03 - INFO: [32m[1m-------------------- <selenium.webdriver.chrome.webdriver.WebDriver (session="e34d1726a917a54a3f62d87ed6dd03fe")> ------------------------[0m
2020-11-03 21:51:34,246 - D:\CodeBase\auto\autoUI\utils\logger.py [line:132] - 11572 - 11256 - autoUI-2020_11_03 - INFO: [32m[1m æ‰§è¡Œ test_login_success æµ‹è¯•ç”¨ä¾‹ [0m
2020-11-03 21:51:34,246 - D:\CodeBase\auto\autoUI\utils\logger.py [line:132] - 11572 - 11256 - autoUI-2020_11_03 - INFO: [32m[1m<<æ­£å¸¸ç™»å½•æµ‹è¯•ç”¨ä¾‹>>[0m
2020-11-03 21:51:34,247 - D:\CodeBase\auto\autoUI\utils\logger.py [line:132] - 11572 - 11256 - autoUI-2020_11_03 - INFO: [32m[1mç™»å½•é¡µé¢_ç™»å½•åŠŸèƒ½ - ç‚¹å‡»é¡µé¢å…ƒç´ :xpath=>//header[@class='pm--metabar']//div/div[4]/span[0m
2020-11-03 21:51:35,933 - D:\CodeBase\auto\autoUI\utils\logger.py [line:132] - 11572 - 11256 - autoUI-2020_11_03 - INFO: [32m[1mç™»å½•é¡µé¢_ç™»å½•åŠŸèƒ½ - åˆ‡æ¢é¡µé¢è¡¨å•:xpath=>//iframe[starts-with(@id, 'top_login_frame')][0m
2020-11-03 21:51:35,972 - D:\CodeBase\auto\autoUI\utils\logger.py [line:132] - 11572 - 11256 - autoUI-2020_11_03 - INFO: [32m[1mç™»å½•é¡µé¢_ç™»å½•åŠŸèƒ½ - ç‚¹å‡»é¡µé¢å…ƒç´ :xpath=>//div[@class='tc-lo-main height515']/div[3][0m
2020-11-03 21:51:36,552 - D:\CodeBase\auto\autoUI\utils\logger.py [line:132] - 11572 - 11256 - autoUI-2020_11_03 - INFO: [32m[1mç™»å½•é¡µé¢_ç™»å½•åŠŸèƒ½ - é¡µé¢å…ƒç´ :xpath=>//div[@class='password-login-content wcc-small-form']/form/ul/li/input è¾“å…¥å€¼ 18144854885[0m
2020-11-03 21:51:36,697 - D:\CodeBase\auto\autoUI\utils\logger.py [line:132] - 11572 - 11256 - autoUI-2020_11_03 - INFO: [32m[1mç™»å½•é¡µé¢_ç™»å½•åŠŸèƒ½ - é¡µé¢å…ƒç´ :xpath=>//div[@class='password-login-content wcc-small-form']/form/ul/li[2]/inputs è¾“å…¥å€¼ lyj19564359[0m
2020-11-03 21:51:47,729 - D:\CodeBase\auto\autoUI\utils\logger.py [line:136] - 11572 - 11256 - autoUI-2020_11_03 - ERROR: [31m[1mç™»å½•é¡µé¢_ç™»å½•åŠŸèƒ½ - é¡µé¢å…ƒç´ è¾“å…¥å¤±è´¥ï¼ï¼ï¼[0m
2020-11-03 21:51:47,910 - D:\CodeBase\auto\autoUI\utils\logger.py [line:132] - 11572 - 11256 - autoUI-2020_11_03 - INFO: [32m[1m==========ç»“æŸæ‰§è¡Œæµ‹è¯•ç”¨ä¾‹é›†===========[0m
2020-11-03 21:51:47,911 - D:\CodeBase\auto\autoUI\utils\logger.py [line:132] - 11572 - 11256 - autoUI-2020_11_03 - INFO: [32m[1m==========ç»“æŸ UIè‡ªåŠ¨åŒ–é¡¹ç›® æµ‹è¯•===========[0m
2020-11-03 21:52:43,613 - D:\CodeBase\auto\autoUI\utils\logger.py [line:132] - 16720 - 16724 - autoUI-2020_11_03 - INFO: [32m[1m==========å¼€å§‹ UIè‡ªåŠ¨åŒ–é¡¹ç›® æ‰§è¡Œæµ‹è¯•===========[0m
2020-11-03 21:52:43,615 - D:\CodeBase\auto\autoUI\utils\logger.py [line:132] - 16720 - 16724 - autoUI-2020_11_03 - INFO: [32m[1mYou had select D:\CodeBase\auto\autoUI\Chrome - browser.[0m
2020-11-03 21:52:47,060 - D:\CodeBase\auto\autoUI\utils\logger.py [line:140] - 16720 - 16724 - autoUI-2020_11_03 - DEBUG: [35m[1mNot found the browser - é»˜è®¤ä½¿ç”¨Chrome<æœ‰ç•Œé¢>[0m
2020-11-03 21:52:48,193 - D:\CodeBase\auto\autoUI\utils\logger.py [line:132] - 16720 - 16724 - autoUI-2020_11_03 - INFO: [32m[1mMaximize the current window.[0m
2020-11-03 21:52:48,197 - D:\CodeBase\auto\autoUI\utils\logger.py [line:132] - 16720 - 16724 - autoUI-2020_11_03 - INFO: [32m[1mSet implicitly wait 10 seconds.[0m
2020-11-03 21:52:51,615 - D:\CodeBase\auto\autoUI\utils\logger.py [line:132] - 16720 - 16724 - autoUI-2020_11_03 - INFO: [32m[1mVisit the web url - http://www.woshipm.com/.[0m
2020-11-03 21:52:51,616 - D:\CodeBase\auto\autoUI\utils\logger.py [line:132] - 16720 - 16724 - autoUI-2020_11_03 - INFO: [32m[1m==========å¼€å§‹æ‰§è¡Œæµ‹è¯•ç”¨ä¾‹é›†===========[0m
2020-11-03 21:52:51,616 - D:\CodeBase\auto\autoUI\utils\logger.py [line:132] - 16720 - 16724 - autoUI-2020_11_03 - INFO: [32m[1m-------------------- <selenium.webdriver.chrome.webdriver.WebDriver (session="0a5a2f94d2ad424a700a054595bce27b")> ------------------------[0m
2020-11-03 21:52:51,618 - D:\CodeBase\auto\autoUI\utils\logger.py [line:132] - 16720 - 16724 - autoUI-2020_11_03 - INFO: [32m[1m æ‰§è¡Œ test_login_success æµ‹è¯•ç”¨ä¾‹ [0m
2020-11-03 21:52:51,618 - D:\CodeBase\auto\autoUI\utils\logger.py [line:132] - 16720 - 16724 - autoUI-2020_11_03 - INFO: [32m[1m<<æ­£å¸¸ç™»å½•æµ‹è¯•ç”¨ä¾‹>>[0m
2020-11-03 21:52:51,619 - D:\CodeBase\auto\autoUI\utils\logger.py [line:132] - 16720 - 16724 - autoUI-2020_11_03 - INFO: [32m[1mç™»å½•é¡µé¢_ç™»å½•åŠŸèƒ½ - ç‚¹å‡»é¡µé¢å…ƒç´ :xpath=>//header[@class='pm--metabar']//div/div[4]/span[0m
2020-11-03 21:52:52,721 - D:\CodeBase\auto\autoUI\utils\logger.py [line:132] - 16720 - 16724 - autoUI-2020_11_03 - INFO: [32m[1mç™»å½•é¡µé¢_ç™»å½•åŠŸèƒ½ - åˆ‡æ¢é¡µé¢è¡¨å•:xpath=>//iframe[starts-with(@id, 'top_login_frame')][0m
2020-11-03 21:52:52,767 - D:\CodeBase\auto\autoUI\utils\logger.py [line:132] - 16720 - 16724 - autoUI-2020_11_03 - INFO: [32m[1mç™»å½•é¡µé¢_ç™»å½•åŠŸèƒ½ - ç‚¹å‡»é¡µé¢å…ƒç´ :xpath=>//div[@class='tc-lo-main height515']/div[3][0m
2020-11-03 21:52:53,273 - D:\CodeBase\auto\autoUI\utils\logger.py [line:132] - 16720 - 16724 - autoUI-2020_11_03 - INFO: [32m[1mç™»å½•é¡µé¢_ç™»å½•åŠŸèƒ½ - é¡µé¢å…ƒç´ :xpath=>//div[@class='password-login-content wcc-small-form']/form/ul/li/input è¾“å…¥å€¼ 18144854885[0m
2020-11-03 21:52:53,440 - D:\CodeBase\auto\autoUI\utils\logger.py [line:132] - 16720 - 16724 - autoUI-2020_11_03 - INFO: [32m[1mç™»å½•é¡µé¢_ç™»å½•åŠŸèƒ½ - é¡µé¢å…ƒç´ :xpath=>//div[@class='password-login-content wcc-small-form']/form/ul/li[2]/inputs è¾“å…¥å€¼ lyj19564359[0m
2020-11-03 21:53:04,508 - D:\CodeBase\auto\autoUI\utils\logger.py [line:136] - 16720 - 16724 - autoUI-2020_11_03 - ERROR: [31m[1mç™»å½•é¡µé¢_ç™»å½•åŠŸèƒ½ - é¡µé¢å…ƒç´ è¾“å…¥å¤±è´¥ï¼ï¼ï¼[0m
2020-11-03 21:53:04,723 - D:\CodeBase\auto\autoUI\utils\logger.py [line:132] - 16720 - 16724 - autoUI-2020_11_03 - INFO: [32m[1m==========ç»“æŸæ‰§è¡Œæµ‹è¯•ç”¨ä¾‹é›†===========[0m
2020-11-03 21:53:04,723 - D:\CodeBase\auto\autoUI\utils\logger.py [line:132] - 16720 - 16724 - autoUI-2020_11_03 - INFO: [32m[1m==========ç»“æŸ UIè‡ªåŠ¨åŒ–é¡¹ç›® æµ‹è¯•===========[0m
2020-11-03 22:48:22,345 - D:\CodeBase\auto\autoUI\utils\logger.py [line:132] - 18108 - 13896 - autoUI-2020_11_03 - INFO: [32m[1m==========å¼€å§‹ UIè‡ªåŠ¨åŒ–é¡¹ç›® æ‰§è¡Œæµ‹è¯•===========[0m
2020-11-03 22:48:22,347 - D:\CodeBase\auto\autoUI\utils\logger.py [line:132] - 18108 - 13896 - autoUI-2020_11_03 - INFO: [32m[1mYou had select D:\CodeBase\auto\autoUI\Chrome - browser.[0m
2020-11-03 22:48:25,900 - D:\CodeBase\auto\autoUI\utils\logger.py [line:140] - 18108 - 13896 - autoUI-2020_11_03 - DEBUG: [35m[1mNot found the browser - é»˜è®¤ä½¿ç”¨Chrome<æœ‰ç•Œé¢>[0m
2020-11-03 22:48:27,030 - D:\CodeBase\auto\autoUI\utils\logger.py [line:132] - 18108 - 13896 - autoUI-2020_11_03 - INFO: [32m[1mMaximize the current window.[0m
2020-11-03 22:48:27,032 - D:\CodeBase\auto\autoUI\utils\logger.py [line:132] - 18108 - 13896 - autoUI-2020_11_03 - INFO: [32m[1mSet implicitly wait 10 seconds.[0m
2020-11-03 22:48:33,490 - D:\CodeBase\auto\autoUI\utils\logger.py [line:132] - 18108 - 13896 - autoUI-2020_11_03 - INFO: [32m[1mVisit the web url - http://www.woshipm.com/.[0m
2020-11-03 22:48:33,491 - D:\CodeBase\auto\autoUI\utils\logger.py [line:132] - 18108 - 13896 - autoUI-2020_11_03 - INFO: [32m[1m==========å¼€å§‹æ‰§è¡Œæµ‹è¯•ç”¨ä¾‹é›†===========[0m
2020-11-03 22:48:33,491 - D:\CodeBase\auto\autoUI\utils\logger.py [line:132] - 18108 - 13896 - autoUI-2020_11_03 - INFO: [32m[1m-------------------- <selenium.webdriver.chrome.webdriver.WebDriver (session="c33ddc613a48be557eed23adf4784da0")> ------------------------[0m
2020-11-03 22:48:33,493 - D:\CodeBase\auto\autoUI\utils\logger.py [line:132] - 18108 - 13896 - autoUI-2020_11_03 - INFO: [32m[1m æ‰§è¡Œ test_login_success æµ‹è¯•ç”¨ä¾‹ [0m
2020-11-03 22:48:33,493 - D:\CodeBase\auto\autoUI\utils\logger.py [line:132] - 18108 - 13896 - autoUI-2020_11_03 - INFO: [32m[1m<<æ­£å¸¸ç™»å½•æµ‹è¯•ç”¨ä¾‹>>[0m
2020-11-03 22:48:33,494 - D:\CodeBase\auto\autoUI\utils\logger.py [line:132] - 18108 - 13896 - autoUI-2020_11_03 - INFO: [32m[1mç™»å½•é¡µé¢_ç™»å½•åŠŸèƒ½ - ç‚¹å‡»é¡µé¢å…ƒç´ :xpath=>//header[@class='pm--metabar']//div/div[4]/span[0m
2020-11-03 22:48:35,074 - D:\CodeBase\auto\autoUI\utils\logger.py [line:132] - 18108 - 13896 - autoUI-2020_11_03 - INFO: [32m[1mç™»å½•é¡µé¢_ç™»å½•åŠŸèƒ½ - åˆ‡æ¢é¡µé¢è¡¨å•:xpath=>//iframe[starts-with(@id, 'top_login_frame')][0m
2020-11-03 22:48:35,110 - D:\CodeBase\auto\autoUI\utils\logger.py [line:132] - 18108 - 13896 - autoUI-2020_11_03 - INFO: [32m[1mç™»å½•é¡µé¢_ç™»å½•åŠŸèƒ½ - ç‚¹å‡»é¡µé¢å…ƒç´ :xpath=>//div[@class='tc-lo-main height515']/div[3][0m
2020-11-03 22:48:35,874 - D:\CodeBase\auto\autoUI\utils\logger.py [line:132] - 18108 - 13896 - autoUI-2020_11_03 - INFO: [32m[1mç™»å½•é¡µé¢_ç™»å½•åŠŸèƒ½ - é¡µé¢å…ƒç´ :xpath=>//div[@class='password-login-content wcc-small-form']/form/ul/li/input è¾“å…¥å€¼ 18144854885[0m
2020-11-03 22:48:36,015 - D:\CodeBase\auto\autoUI\utils\logger.py [line:132] - 18108 - 13896 - autoUI-2020_11_03 - INFO: [32m[1mç™»å½•é¡µé¢_ç™»å½•åŠŸèƒ½ - é¡µé¢å…ƒç´ :xpath=>//div[@class='password-login-content wcc-small-form']/form/ul/li[2]/input è¾“å…¥å€¼ lyj19564359[0m
2020-11-03 22:48:36,147 - D:\CodeBase\auto\autoUI\utils\logger.py [line:132] - 18108 - 13896 - autoUI-2020_11_03 - INFO: [32m[1mç™»å½•é¡µé¢_ç™»å½•åŠŸèƒ½ - ç‚¹å‡»é¡µé¢å…ƒç´ :xpath=>//div[@class='password-login-content wcc-small-form']/form/p[0m
2020-11-03 22:48:36,328 - D:\CodeBase\auto\autoUI\utils\logger.py [line:132] - 18108 - 13896 - autoUI-2020_11_03 - INFO: [32m[1mç™»å½•é¡µé¢_ç™»å½•åŠŸèƒ½ - åˆ‡å›ä¸»é¡µé¢ - switch back to default iframe[0m
2020-11-03 22:48:36,331 - D:\CodeBase\auto\autoUI\utils\logger.py [line:132] - 18108 - 13896 - autoUI-2020_11_03 - INFO: [32m[1mæœŸæœ›å€¼ï¼šTrue[0m
2020-11-03 22:48:36,331 - D:\CodeBase\auto\autoUI\utils\logger.py [line:132] - 18108 - 13896 - autoUI-2020_11_03 - INFO: [32m[1mç”¨æˆ·ç®¡ç†é¡µé¢_éªŒè¯ç™»å½•åŠŸèƒ½ - é¼ æ ‡æ‚¬åœæ“ä½œ[0m
2020-11-03 22:48:40,811 - D:\CodeBase\auto\autoUI\utils\logger.py [line:132] - 18108 - 13896 - autoUI-2020_11_03 - INFO: [32m[1mç”¨æˆ·ç®¡ç†é¡µé¢_éªŒè¯ç™»å½•åŠŸèƒ½ - è·å–é¡µé¢å…ƒç´ :xpath=>//header[@class='pm--metabar']/div/div/div[5]/div/div[2]/div[2]/div[2]/a[0m
2020-11-03 22:48:40,844 - D:\CodeBase\auto\autoUI\utils\logger.py [line:132] - 18108 - 13896 - autoUI-2020_11_03 - INFO: [32m[1må®é™…å€¼ï¼šTrue[0m
2020-11-03 22:48:40,845 - D:\CodeBase\auto\autoUI\utils\logger.py [line:132] - 18108 - 13896 - autoUI-2020_11_03 - INFO: [32m[1mç”¨æˆ·ç®¡ç†é¡µé¢_éªŒè¯ç™»å½•åŠŸèƒ½ - é¼ æ ‡æ‚¬åœæ“ä½œ[0m
2020-11-03 22:48:40,939 - D:\CodeBase\auto\autoUI\utils\logger.py [line:132] - 18108 - 13896 - autoUI-2020_11_03 - INFO: [32m[1mç”¨æˆ·ç®¡ç†é¡µé¢_éªŒè¯ç™»å½•åŠŸèƒ½ - è·å–é¡µé¢å…ƒç´ :xpath=>//header[@class='pm--metabar']/div/div/div[5]/div/div[2]/div[2]/div[2]/a[0m
2020-11-03 22:48:40,959 - D:\CodeBase\auto\autoUI\utils\logger.py [line:132] - 18108 - 13896 - autoUI-2020_11_03 - INFO: [32m[1m ç»“æŸæ‰§è¡Œ test_login_success æµ‹è¯•ç”¨ä¾‹ï¼Œ æµ‹è¯•ç»“æœ --- PASS [0m
2020-11-03 22:48:41,971 - D:\CodeBase\auto\autoUI\utils\logger.py [line:132] - 18108 - 13896 - autoUI-2020_11_03 - INFO: [32m[1mç™»å½•åŠŸèƒ½-æ­£å¸¸æµ‹è¯•-æ­£å¸¸æˆªå›¾æˆªå›¾æˆåŠŸï¼Œå›¾ç‰‡è·¯å¾„ä¸º: ç™»å½•åŠŸèƒ½-æ­£å¸¸æµ‹è¯•-æ­£å¸¸æˆªå›¾[0m
2020-11-03 22:48:41,977 - D:\CodeBase\auto\autoUI\utils\logger.py [line:132] - 18108 - 13896 - autoUI-2020_11_03 - INFO: [32m[1m==========ç»“æŸæ‰§è¡Œæµ‹è¯•ç”¨ä¾‹é›†===========[0m
2020-11-03 22:48:41,977 - D:\CodeBase\auto\autoUI\utils\logger.py [line:132] - 18108 - 13896 - autoUI-2020_11_03 - INFO: [32m[1m==========ç»“æŸ UIè‡ªåŠ¨åŒ–é¡¹ç›® æµ‹è¯•===========[0m
