2020-10-29 21:48:13,844 - ERROR - logger.py[:127] - [31m[1myic[0m
2020-10-31 00:39:18,481 - ERROR - logger.py[:137] - [31m[1myic[0m
2020-10-31 00:40:02,962 - ERROR - logger.py[:137] - [31m[1myic[0m
2020-10-31 00:41:07,723 - ERROR - logger.py[:137] - [31m[1myic[0m
2020-10-31 00:41:47,595 - ERROR - logger.py[:137] - [31m[1myic[0m
2020-10-31 00:44:12,594 - ERROR - logger.py[:137] - [31m[1myic[0m
2020-10-31 00:49:29,244 - ERROR - logger.py[:137] - [31m[1myic[0m
2020-10-31 02:19:32,803 - ERROR - logger.py[:136] - [31m[1mMessage: 
[0m
2020-10-31 02:19:32,803 - ERROR - logger.py[:136] - [31m[1m็ปๅฝ้กต้ข_็ปๅฝๅ่ฝ,็ญๅพ้กต้ขๅ็ด:('xpath', '/html/body/div[2]/div/div[3]/a') ๅคฑ่ดฅ๏ผ๏ผ๏ผ[0m
2020-10-31 02:19:43,836 - ERROR - logger.py[:136] - [31m[1mMessage: 
[0m
2020-10-31 02:19:43,836 - ERROR - logger.py[:136] - [31m[1m็นๅป้กต้ขๅ็ด:('xpath', '/html/body/div[2]/div/div[3]/a'),ๅคฑ่ดฅ๏ผ๏ผ๏ผ[0m
2020-10-31 02:34:45,471 - ERROR - logger.py[:136] - [31m[1m็ปๅฝ้กต้ข_็ปๅฝๅ่ฝ,ๅๆข้กต้ข่กจๅ ๅคฑ่ดฅ๏ผ๏ผ๏ผ[0m
2020-10-31 02:39:58,251 - ERROR - logger.py[:136] - [31m[1m็ปๅฝ้กต้ข_็ปๅฝๅ่ฝ,ๅๆข้กต้ข่กจๅ ๅคฑ่ดฅ๏ผ๏ผ๏ผ[0m
2020-10-31 02:49:03,075 - ERROR - logger.py[:136] - [31m[1m็ปๅฝ้กต้ข_็ปๅฝๅ่ฝ,ๅๆข้กต้ข่กจๅ ๅคฑ่ดฅ๏ผ๏ผ๏ผ[0m
2020-10-31 02:52:01,870 - ERROR - logger.py[:136] - [31m[1m็ปๅฝ้กต้ข_็ปๅฝๅ่ฝ,ๅๆข้กต้ข่กจๅ ๅคฑ่ดฅ๏ผ๏ผ๏ผ[0m
2020-10-31 02:57:21,035 - ERROR - logger.py[:136] - [31m[1m็ปๅฝ้กต้ข_็ปๅฝๅ่ฝ,ๅๆข้กต้ข่กจๅ ๅคฑ่ดฅ๏ผ๏ผ๏ผ[0m
2020-10-31 03:00:35,271 - ERROR - logger.py[:136] - [31m[1m็ปๅฝ้กต้ข_็ปๅฝๅ่ฝ,ๅๆข้กต้ข่กจๅ ๅคฑ่ดฅ๏ผ๏ผ๏ผ[0m
2020-10-31 03:05:25,455 - ERROR - logger.py[:136] - [31m[1m็ปๅฝ้กต้ข_็ปๅฝๅ่ฝ,ๅๆข้กต้ข่กจๅ ๅคฑ่ดฅ๏ผ๏ผ๏ผ[0m
2020-10-31 03:09:53,373 - ERROR - logger.py[:136] - [31m[1m็ปๅฝ้กต้ข_็ปๅฝๅ่ฝ,ๅๆข้กต้ข่กจๅ ๅคฑ่ดฅ๏ผ๏ผ๏ผ[0m
2020-10-31 03:19:11,350 - ERROR - logger.py[:136] - [31m[1m็ปๅฝ้กต้ข_็ปๅฝๅ่ฝ,็ญๅพ้กต้ขๅ็ด:('xpath', '//*[@id="app"]/header/div/div/div[4]/span') ๅคฑ่ดฅ๏ผ๏ผ๏ผ[0m
2020-10-31 03:19:11,350 - ERROR - logger.py[:136] - [31m[1m็ปๅฝ้กต้ข_็ปๅฝๅ่ฝ,ๆฅๆพ้กต้ขๅ็ด:('xpath', '//*[@id="app"]/header/div/div/div[4]/span') ๅคฑ่ดฅ๏ผ๏ผ๏ผ[0m
2020-10-31 03:19:11,351 - ERROR - logger.py[:136] - [31m[1m็นๅป้กต้ขๅ็ด:('xpath', '//*[@id="app"]/header/div/div/div[4]/span'),ๅคฑ่ดฅ๏ผ๏ผ๏ผ[0m
2020-10-31 03:24:02,618 - ERROR - logger.py[:136] - [31m[1m็ปๅฝ้กต้ข_็ปๅฝๅ่ฝ,็ญๅพ้กต้ขๅ็ด:('xpath', '//*[@id="app"]/header/div/div/div[4]/span') ๅคฑ่ดฅ๏ผ๏ผ๏ผ[0m
2020-10-31 03:24:02,618 - ERROR - logger.py[:136] - [31m[1m็ปๅฝ้กต้ข_็ปๅฝๅ่ฝ,ๆฅๆพ้กต้ขๅ็ด:('xpath', '//*[@id="app"]/header/div/div/div[4]/span') ๅคฑ่ดฅ๏ผ๏ผ๏ผ[0m
2020-10-31 03:24:02,618 - ERROR - logger.py[:136] - [31m[1m็นๅป้กต้ขๅ็ด:('xpath', '//*[@id="app"]/header/div/div/div[4]/span'),ๅคฑ่ดฅ๏ผ๏ผ๏ผ[0m
2020-10-31 03:25:54,510 - ERROR - logger.py[:136] - [31m[1m็ปๅฝ้กต้ข_็ปๅฝๅ่ฝ,็ญๅพ้กต้ขๅ็ด:('xpath', '//*[@id="app"]/header/div/div/div[4]/span') ๅคฑ่ดฅ๏ผ๏ผ๏ผ[0m
2020-10-31 03:25:54,510 - ERROR - logger.py[:136] - [31m[1m็ปๅฝ้กต้ข_็ปๅฝๅ่ฝ,ๆฅๆพ้กต้ขๅ็ด:('xpath', '//*[@id="app"]/header/div/div/div[4]/span') ๅคฑ่ดฅ๏ผ๏ผ๏ผ[0m
2020-10-31 03:25:54,511 - ERROR - logger.py[:136] - [31m[1m็นๅป้กต้ขๅ็ด:('xpath', '//*[@id="app"]/header/div/div/div[4]/span'),ๅคฑ่ดฅ๏ผ๏ผ๏ผ[0m
2020-10-31 04:02:09,117 - ERROR - logger.py[:136] - [31m[1m็ปๅฝ้กต้ข_็ปๅฝๅ่ฝ,็ญๅพ้กต้ขๅ็ด:('xpath', '//*[@id="app"]/header/div/div/div[4]/span') ๅคฑ่ดฅ๏ผ๏ผ๏ผ[0m
2020-10-31 04:02:09,125 - ERROR - logger.py[:136] - [31m[1m็ปๅฝ้กต้ข_็ปๅฝๅ่ฝ,ๆฅๆพ้กต้ขๅ็ด:('xpath', '//*[@id="app"]/header/div/div/div[4]/span') ๅคฑ่ดฅ๏ผ๏ผ๏ผ[0m
2020-10-31 04:02:09,126 - ERROR - logger.py[:136] - [31m[1m็นๅป้กต้ขๅ็ด:('xpath', '//*[@id="app"]/header/div/div/div[4]/span'),ๅคฑ่ดฅ๏ผ๏ผ๏ผ[0m
2020-10-31 04:04:03,751 - ERROR - logger.py[:136] - [31m[1m็ปๅฝ้กต้ข_็ปๅฝๅ่ฝ,็ญๅพ้กต้ขๅ็ด:('xpath', '//*[@id="app"]/header/div/div/div[4]/span') ๅคฑ่ดฅ๏ผ๏ผ๏ผ[0m
2020-10-31 04:04:03,757 - ERROR - logger.py[:136] - [31m[1m็ปๅฝ้กต้ข_็ปๅฝๅ่ฝ,ๆฅๆพ้กต้ขๅ็ด:('xpath', '//*[@id="app"]/header/div/div/div[4]/span') ๅคฑ่ดฅ๏ผ๏ผ๏ผ[0m
2020-10-31 04:04:03,757 - ERROR - logger.py[:136] - [31m[1m็นๅป้กต้ขๅ็ด:('xpath', '//*[@id="app"]/header/div/div/div[4]/span'),ๅคฑ่ดฅ๏ผ๏ผ๏ผ[0m
2020-10-31 15:33:17,140 - ERROR - logger.py[:136] - [31m[1m็ปๅฝ้กต้ข_็ปๅฝๅ่ฝ,ๅๆข้กต้ข่กจๅ ๅคฑ่ดฅ๏ผ๏ผ๏ผ[0m
2020-10-31 15:39:50,811 - ERROR - logger.py[:136] - [31m[1m็ปๅฝ้กต้ข_็ปๅฝๅ่ฝ,ๅๆข้กต้ข่กจๅ ๅคฑ่ดฅ๏ผ๏ผ๏ผ[0m
2020-10-31 15:44:49,429 - ERROR - logger.py[:136] - [31m[1m็ปๅฝ้กต้ข_็ปๅฝๅ่ฝ,ๅๆข้กต้ข่กจๅ ๅคฑ่ดฅ๏ผ๏ผ๏ผ[0m
2020-10-31 15:55:15,718 - ERROR - logger.py[:136] - [31m[1m็ปๅฝ้กต้ข_็ปๅฝๅ่ฝ,็ญๅพ้กต้ขๅ็ด:('xpath', '//*[@id="nameInput"]') ๅคฑ่ดฅ๏ผ๏ผ๏ผ[0m
2020-10-31 15:55:38,800 - ERROR - logger.py[:136] - [31m[1m็ปๅฝ้กต้ข_็ปๅฝๅ่ฝ,็ญๅพ้กต้ขๅ็ด:('xpath', '//*[@id="nameInput"]') ๅคฑ่ดฅ๏ผ๏ผ๏ผ[0m
2020-10-31 15:55:44,730 - ERROR - logger.py[:136] - [31m[1m็ปๅฝ้กต้ข_็ปๅฝๅ่ฝ,ๆฅๆพ้กต้ขๅ็ด:('xpath', '//*[@id="nameInput"]') ๅคฑ่ดฅ๏ผ๏ผ๏ผ[0m
2020-10-31 15:55:44,730 - ERROR - logger.py[:136] - [31m[1m็ปๅฝ้กต้ข_็ปๅฝๅ่ฝ,้กต้ขๅ็ด่พๅฅๅคฑ่ดฅ๏ผ๏ผ๏ผ[0m
2020-10-31 15:58:18,839 - ERROR - logger.py[:136] - [31m[1m ็ปๆๆง่ก test_login_success ๆต่ฏ็จไพ๏ผ ๆต่ฏ็ปๆ --- False [0m
2020-10-31 16:12:25,538 - ERROR - logger.py[:136] - [31m[1m,็ญๅพ้กต้ขๅ็ด:('xpath', '//*[@id="app"]/header/div/div/div[5]/div/div[2]/div[2]/div[2]/a') ๅคฑ่ดฅ๏ผ๏ผ๏ผ[0m
2020-10-31 16:12:46,770 - ERROR - logger.py[:136] - [31m[1m,็ญๅพ้กต้ขๅ็ด:('xpath', '//*[@id="app"]/header/div/div/div[5]/div/div[2]/div[2]/div[2]/a') ๅคฑ่ดฅ๏ผ๏ผ๏ผ[0m
2020-10-31 16:23:56,041 - ERROR - logger.py[:136] - [31m[1m,็ญๅพ้กต้ขๅ็ด:('xpath', '//*[@id="app"]/header/div/div/div[5]/div/div[2]/div[2]/div[2]/a') ๅคฑ่ดฅ๏ผ๏ผ๏ผ[0m
2020-10-31 16:24:27,123 - ERROR - logger.py[:136] - [31m[1m,็ญๅพ้กต้ขๅ็ด:('xpath', '//*[@id="app"]/header/div/div/div[5]/div/div[2]/div[2]/div[2]/a') ๅคฑ่ดฅ๏ผ๏ผ๏ผ[0m
2020-10-31 22:09:35,775 - ERROR - logger.py[:136] - [31m[1m็ปๅฝ้กต้ข_็ปๅฝๅ่ฝ - ็ญๅพ้กต้ขๅ็ด:('xpath', '//*[@id="app"]/header/div/div/div[4]/span') ๅคฑ่ดฅ๏ผ๏ผ๏ผ[0m
2020-10-31 22:09:35,787 - ERROR - logger.py[:136] - [31m[1m็ปๅฝ้กต้ข_็ปๅฝๅ่ฝ,ๆฅๆพ้กต้ขๅ็ด:('xpath', '//*[@id="app"]/header/div/div/div[4]/span') ๅคฑ่ดฅ๏ผ๏ผ๏ผ[0m
2020-10-31 22:09:35,787 - ERROR - logger.py[:136] - [31m[1m็นๅป้กต้ขๅ็ด:('xpath', '//*[@id="app"]/header/div/div/div[4]/span'),ๅคฑ่ดฅ๏ผ๏ผ๏ผ[0m
2020-10-31 22:10:54,616 - ERROR - logger.py[:136] - [31m[1m็ปๅฝ้กต้ข_็ปๅฝๅ่ฝ - ็ญๅพ้กต้ขๅ็ด:xpath=>//*[@id="app"]/header/div/div/div[4]/span ๅคฑ่ดฅ๏ผ๏ผ๏ผ[0m
2020-10-31 22:10:54,616 - ERROR - logger.py[:136] - [31m[1m็ปๅฝ้กต้ข_็ปๅฝๅ่ฝ,ๆฅๆพ้กต้ขๅ็ด:xpath=>//*[@id="app"]/header/div/div/div[4]/span ๅคฑ่ดฅ๏ผ๏ผ๏ผ[0m
2020-10-31 22:10:54,617 - ERROR - logger.py[:136] - [31m[1m็นๅป้กต้ขๅ็ด:xpath=>//*[@id="app"]/header/div/div/div[4]/span,ๅคฑ่ดฅ๏ผ๏ผ๏ผ[0m
2020-10-31 22:12:05,454 - ERROR - logger.py[:136] - [31m[1m็ปๅฝ้กต้ข_็ปๅฝๅ่ฝ - ็ญๅพ้กต้ขๅ็ด:xpath=>//*[@id="app"]/header/div/div/div[4]/span ๅคฑ่ดฅ๏ผ๏ผ๏ผ[0m
2020-10-31 22:12:05,454 - ERROR - logger.py[:136] - [31m[1m็ปๅฝ้กต้ข_็ปๅฝๅ่ฝ,ๆฅๆพ้กต้ขๅ็ด:xpath=>//*[@id="app"]/header/div/div/div[4]/span ๅคฑ่ดฅ๏ผ๏ผ๏ผ[0m
2020-10-31 22:12:05,455 - ERROR - logger.py[:136] - [31m[1m็นๅป้กต้ขๅ็ด:xpath=>//*[@id="app"]/header/div/div/div[4]/span,ๅคฑ่ดฅ๏ผ๏ผ๏ผ[0m
2020-10-31 22:13:56,975 - ERROR - logger.py[:136] - [31m[1m็ปๅฝ้กต้ข_็ปๅฝๅ่ฝ - ็ญๅพ้กต้ขๅ็ด:xpath=>//*[@id="app"]/header/div/div/div[4]/span ๅคฑ่ดฅ๏ผ๏ผ๏ผ[0m
2020-10-31 22:13:56,976 - ERROR - logger.py[:136] - [31m[1m็ปๅฝ้กต้ข_็ปๅฝๅ่ฝ,ๆฅๆพ้กต้ขๅ็ด:xpath=>//*[@id="app"]/header/div/div/div[4]/span ๅคฑ่ดฅ๏ผ๏ผ๏ผ[0m
2020-10-31 22:13:56,976 - ERROR - logger.py[:136] - [31m[1m็นๅป้กต้ขๅ็ด:xpath=>//*[@id="app"]/header/div/div/div[4]/span,ๅคฑ่ดฅ๏ผ๏ผ๏ผ[0m
2020-10-31 22:17:33,852 - ERROR - logger.py[:136] - [31m[1m - ็ญๅพ้กต้ขๅ็ด:็ปๅฝ้กต้ข_็ปๅฝๅ่ฝ ๅคฑ่ดฅ๏ผ๏ผ๏ผ[0m
2020-10-31 22:17:33,853 - ERROR - logger.py[:136] - [31m[1m,ๆฅๆพ้กต้ขๅ็ด:็ปๅฝ้กต้ข_็ปๅฝๅ่ฝ ๅคฑ่ดฅ๏ผ๏ผ๏ผ[0m
2020-10-31 22:17:33,853 - ERROR - logger.py[:136] - [31m[1m็นๅป้กต้ขๅ็ด:xpath=>//*[@id="app"]/header/div/div/div[4]/span,ๅคฑ่ดฅ๏ผ๏ผ๏ผ[0m
2020-10-31 22:18:18,371 - ERROR - logger.py[:136] - [31m[1m - ็ญๅพ้กต้ขๅ็ด:็ปๅฝ้กต้ข_็ปๅฝๅ่ฝ ๅคฑ่ดฅ๏ผ๏ผ๏ผ[0m
2020-10-31 22:18:18,372 - ERROR - logger.py[:136] - [31m[1m,ๆฅๆพ้กต้ขๅ็ด:็ปๅฝ้กต้ข_็ปๅฝๅ่ฝ ๅคฑ่ดฅ๏ผ๏ผ๏ผ[0m
2020-10-31 22:18:18,372 - ERROR - logger.py[:136] - [31m[1m็นๅป้กต้ขๅ็ด:xpath=>//*[@id="app"]/header/div/div/div[4]/span,ๅคฑ่ดฅ๏ผ๏ผ๏ผ[0m
2020-10-31 22:25:06,014 - ERROR - logger.py[:136] - [31m[1m - ็ญๅพ้กต้ขๅ็ด:็ปๅฝ้กต้ข_็ปๅฝๅ่ฝ ๅคฑ่ดฅ๏ผ๏ผ๏ผ[0m
2020-10-31 22:25:06,015 - ERROR - logger.py[:136] - [31m[1m,ๆฅๆพ้กต้ขๅ็ด:็ปๅฝ้กต้ข_็ปๅฝๅ่ฝ ๅคฑ่ดฅ๏ผ๏ผ๏ผ[0m
2020-10-31 22:25:06,015 - ERROR - logger.py[:136] - [31m[1m็นๅป้กต้ขๅ็ด:xpath=>//*[@id="app"]/header/div/div/div[4]/span,ๅคฑ่ดฅ๏ผ๏ผ๏ผ[0m
2020-10-31 22:26:24,730 - ERROR - logger.py[:136] - [31m[1m - ็ญๅพ้กต้ขๅ็ด:็ปๅฝ้กต้ข_็ปๅฝๅ่ฝ ๅคฑ่ดฅ๏ผ๏ผ๏ผ[0m
2020-10-31 22:26:24,731 - ERROR - logger.py[:136] - [31m[1m,ๆฅๆพ้กต้ขๅ็ด:็ปๅฝ้กต้ข_็ปๅฝๅ่ฝ ๅคฑ่ดฅ๏ผ๏ผ๏ผ[0m
2020-10-31 22:26:24,731 - ERROR - logger.py[:136] - [31m[1m็นๅป้กต้ขๅ็ด:xpath=>//*[@id="app"]/header/div/div/div[4]/span,ๅคฑ่ดฅ๏ผ๏ผ๏ผ[0m
2020-10-31 22:29:39,840 - ERROR - logger.py[:136] - [31m[1m - ็ญๅพ้กต้ขๅ็ด:็ปๅฝ้กต้ข_็ปๅฝๅ่ฝ ๅคฑ่ดฅ๏ผ๏ผ๏ผ[0m
2020-10-31 22:29:39,840 - ERROR - logger.py[:136] - [31m[1m,ๆฅๆพ้กต้ขๅ็ด:็ปๅฝ้กต้ข_็ปๅฝๅ่ฝ ๅคฑ่ดฅ๏ผ๏ผ๏ผ[0m
2020-10-31 22:29:39,841 - ERROR - logger.py[:136] - [31m[1m็นๅป้กต้ขๅ็ด:xpath=>//*[@id="app"]/header/div/div/div[4]/span,ๅคฑ่ดฅ๏ผ๏ผ๏ผ[0m
2020-10-31 22:31:14,644 - ERROR - logger.py[:136] - [31m[1m - ็ญๅพ้กต้ขๅ็ด:็ปๅฝ้กต้ข_็ปๅฝๅ่ฝ ๅคฑ่ดฅ๏ผ๏ผ๏ผ[0m
2020-10-31 22:31:14,645 - ERROR - logger.py[:136] - [31m[1m,ๆฅๆพ้กต้ขๅ็ด:็ปๅฝ้กต้ข_็ปๅฝๅ่ฝ ๅคฑ่ดฅ๏ผ๏ผ๏ผ[0m
2020-10-31 22:31:14,645 - ERROR - logger.py[:136] - [31m[1m็นๅป้กต้ขๅ็ด:xpath=>//*[@id="app"]/header/div/div/div[4]/span,ๅคฑ่ดฅ๏ผ๏ผ๏ผ[0m
2020-10-31 22:35:11,430 - ERROR - logger.py[:136] - [31m[1m - ็ญๅพ้กต้ขๅ็ด:็ปๅฝ้กต้ข_็ปๅฝๅ่ฝ ๅคฑ่ดฅ๏ผ๏ผ๏ผ[0m
2020-10-31 22:35:12,129 - ERROR - logger.py[:136] - [31m[1m,ๆฅๆพ้กต้ขๅ็ด:็ปๅฝ้กต้ข_็ปๅฝๅ่ฝ ๅคฑ่ดฅ๏ผ๏ผ๏ผ[0m
2020-10-31 22:35:12,129 - ERROR - logger.py[:136] - [31m[1m็นๅป้กต้ขๅ็ด:xpath=>//*[@id="app"]/header/div/div/div[4]/span,ๅคฑ่ดฅ๏ผ๏ผ๏ผ[0m
2020-10-31 22:43:49,497 - ERROR - logger.py[:136] - [31m[1m - ็ญๅพ้กต้ขๅ็ด:็ปๅฝ้กต้ข_็ปๅฝๅ่ฝ ๅคฑ่ดฅ๏ผ๏ผ๏ผ[0m
2020-10-31 22:43:50,545 - ERROR - logger.py[:136] - [31m[1m,ๆฅๆพ้กต้ขๅ็ด:็ปๅฝ้กต้ข_็ปๅฝๅ่ฝ ๅคฑ่ดฅ๏ผ๏ผ๏ผ[0m
2020-10-31 22:43:50,545 - ERROR - logger.py[:136] - [31m[1m็นๅป้กต้ขๅ็ด:xpath=>//*[@id="app"]/header/div/div/div[4]/span,ๅคฑ่ดฅ๏ผ๏ผ๏ผ[0m
2020-11-01 00:43:22,099 - ERROR - logger.py[:136] - [31m[1m - ็ญๅพ้กต้ขๅ็ด:็ปๅฝ้กต้ข_็ปๅฝๅ่ฝ ๅคฑ่ดฅ๏ผ๏ผ๏ผ[0m
2020-11-01 00:43:23,177 - ERROR - logger.py[:136] - [31m[1m,ๆฅๆพ้กต้ขๅ็ด:็ปๅฝ้กต้ข_็ปๅฝๅ่ฝ ๅคฑ่ดฅ๏ผ๏ผ๏ผ[0m
2020-11-01 00:43:23,178 - ERROR - logger.py[:136] - [31m[1m็นๅป้กต้ขๅ็ด:xpath=>//*[@id="app"]/header/div/div/div[4]/span,ๅคฑ่ดฅ๏ผ๏ผ๏ผ[0m
2020-11-01 00:46:36,472 - ERROR - logger.py[:136] - [31m[1m็นๅป้กต้ขๅ็ด:xpath=>//*[@id="app"]/header/div/div/div[4]/span,ๅคฑ่ดฅ๏ผ๏ผ๏ผ[0m
2020-11-01 00:48:43,319 - ERROR - logger.py[:136] - [31m[1m - ็ญๅพ้กต้ขๅ็ด: ๅคฑ่ดฅ๏ผ๏ผ๏ผ[0m
2020-11-01 00:48:44,298 - ERROR - logger.py[:136] - [31m[1m,ๆฅๆพ้กต้ขๅ็ด: ๅคฑ่ดฅ๏ผ๏ผ๏ผ[0m
2020-11-01 00:48:44,298 - ERROR - logger.py[:136] - [31m[1m็นๅป้กต้ขๅ็ด:็ปๅฝ้กต้ข_็ปๅฝๅ่ฝ,ๅคฑ่ดฅ๏ผ๏ผ๏ผ[0m
2020-11-01 13:53:48,611 - ERROR - logger.py[:136] - [31m[1m - ็ญๅพ้กต้ขๅ็ด: ๅคฑ่ดฅ๏ผ๏ผ๏ผ[0m
2020-11-01 13:53:49,617 - ERROR - logger.py[:136] - [31m[1m,ๆฅๆพ้กต้ขๅ็ด: ๅคฑ่ดฅ๏ผ๏ผ๏ผ[0m
2020-11-01 13:53:49,617 - ERROR - logger.py[:136] - [31m[1m็นๅป้กต้ขๅ็ด:็ปๅฝ้กต้ข_็ปๅฝๅ่ฝ,ๅคฑ่ดฅ๏ผ๏ผ๏ผ[0m
2020-11-01 14:25:34,717 - ERROR - logger.py[:136] - [31m[1m - ็ญๅพ้กต้ขๅ็ด: ๅคฑ่ดฅ๏ผ๏ผ๏ผ[0m
2020-11-01 14:25:35,748 - ERROR - logger.py[:136] - [31m[1m,ๆฅๆพ้กต้ขๅ็ด: ๅคฑ่ดฅ๏ผ๏ผ๏ผ[0m
2020-11-01 14:25:35,749 - ERROR - logger.py[:136] - [31m[1m็นๅป้กต้ขๅ็ด:็ปๅฝ้กต้ข_็ปๅฝๅ่ฝ,ๅคฑ่ดฅ๏ผ๏ผ๏ผ[0m
2020-11-01 14:33:04,568 - ERROR - logger.py[:136] - [31m[1m - ็ญๅพ้กต้ขๅ็ด:็ปๅฝ้กต้ข_็ปๅฝๅ่ฝ ๅคฑ่ดฅ๏ผ๏ผ๏ผ[0m
2020-11-01 14:34:21,257 - ERROR - logger.py[:136] - [31m[1m - ็ญๅพ้กต้ขๅ็ด:็ปๅฝ้กต้ข_็ปๅฝๅ่ฝ ๅคฑ่ดฅ๏ผ๏ผ๏ผ[0m
2020-11-01 14:50:44,370 - ERROR - logger.py[:136] - [31m[1m็ปๅฝ้กต้ข_็ปๅฝๅ่ฝ - ็ญๅพ้กต้ขๅ็ด:xpath=>//header[@class='pm--metabar']//div/div[4]/span ๅคฑ่ดฅ๏ผ๏ผ๏ผ[0m
2020-11-01 14:50:45,515 - ERROR - logger.py[:136] - [31m[1m็ปๅฝ้กต้ข_็ปๅฝๅ่ฝ - ็ญๅพ้กต้ขๅ็ด:xpath=>//*[@id="top_login_frame"] ๅคฑ่ดฅ๏ผ๏ผ๏ผ[0m
2020-11-01 14:50:46,457 - ERROR - logger.py[:136] - [31m[1m - ็ญๅพ้กต้ขๅ็ด:็ปๅฝ้กต้ข_็ปๅฝๅ่ฝ ๅคฑ่ดฅ๏ผ๏ผ๏ผ[0m
2020-11-01 14:50:52,442 - ERROR - logger.py[:136] - [31m[1m,ๆฅๆพ้กต้ขๅ็ด:็ปๅฝ้กต้ข_็ปๅฝๅ่ฝ ๅคฑ่ดฅ๏ผ๏ผ๏ผ[0m
2020-11-01 14:50:52,442 - ERROR - logger.py[:136] - [31m[1m็ปๅฝ้กต้ข_็ปๅฝๅ่ฝ,ๅๆข้กต้ข่กจๅ ๅคฑ่ดฅ๏ผ๏ผ๏ผ[0m
2020-11-01 14:54:29,355 - ERROR - logger.py[:136] - [31m[1m็ปๅฝ้กต้ข_็ปๅฝๅ่ฝ - ็ญๅพ้กต้ขๅ็ด:xpath=>//*[@id="top_login_frame"] ๅคฑ่ดฅ๏ผ๏ผ๏ผ[0m
2020-11-01 14:54:30,498 - ERROR - logger.py[:136] - [31m[1m - ็ญๅพ้กต้ขๅ็ด:็ปๅฝ้กต้ข_็ปๅฝๅ่ฝ ๅคฑ่ดฅ๏ผ๏ผ๏ผ[0m
2020-11-01 14:54:36,501 - ERROR - logger.py[:136] - [31m[1m,ๆฅๆพ้กต้ขๅ็ด:็ปๅฝ้กต้ข_็ปๅฝๅ่ฝ ๅคฑ่ดฅ๏ผ๏ผ๏ผ[0m
2020-11-01 14:54:36,502 - ERROR - logger.py[:136] - [31m[1m็ปๅฝ้กต้ข_็ปๅฝๅ่ฝ,ๅๆข้กต้ข่กจๅ ๅคฑ่ดฅ๏ผ๏ผ๏ผ[0m
2020-11-01 14:57:39,101 - ERROR - logger.py[:136] - [31m[1m็ปๅฝ้กต้ข_็ปๅฝๅ่ฝ - ็ญๅพ้กต้ขๅ็ด:xpath=>//*[@id="top_login_frame"] ๅคฑ่ดฅ๏ผ๏ผ๏ผ[0m
2020-11-01 14:57:40,177 - ERROR - logger.py[:136] - [31m[1m็ปๅฝ้กต้ข_็ปๅฝๅ่ฝ,ๅๆข้กต้ข่กจๅ ๅคฑ่ดฅ๏ผ๏ผ๏ผ[0m
2020-11-01 15:00:24,638 - ERROR - logger.py[:136] - [31m[1m็ปๅฝ้กต้ข_็ปๅฝๅ่ฝ - ็ญๅพ้กต้ขๅ็ด:xpath=>//*[@id="top_login_frame"] ๅคฑ่ดฅ๏ผ๏ผ๏ผ[0m
2020-11-01 15:00:25,729 - ERROR - logger.py[:136] - [31m[1m็ปๅฝ้กต้ข_็ปๅฝๅ่ฝ - ็ญๅพ้กต้ขๅ็ด:xpath=>//*[@id="top_login_frame"] ๅคฑ่ดฅ๏ผ๏ผ๏ผ[0m
2020-11-01 15:00:31,794 - ERROR - logger.py[:136] - [31m[1m็ปๅฝ้กต้ข_็ปๅฝๅ่ฝ,ๆฅๆพ้กต้ขๅ็ด:xpath=>//*[@id="top_login_frame"] ๅคฑ่ดฅ๏ผ๏ผ๏ผ[0m
2020-11-01 15:00:31,795 - ERROR - logger.py[:136] - [31m[1m็ปๅฝ้กต้ข_็ปๅฝๅ่ฝ,ๅๆข้กต้ข่กจๅ ๅคฑ่ดฅ๏ผ๏ผ๏ผ[0m
2020-11-01 16:26:22,750 - ERROR - logger.py[:136] - [31m[1merror: no such "xpath=>//*[@id="top_login_frame"]"[0m
2020-11-01 16:26:33,778 - ERROR - logger.py[:136] - [31m[1m็นๅป้กต้ขๅ็ด:xpath=>/html/body/div[2]/div/div[3]/a,ๅคฑ่ดฅ๏ผ๏ผ๏ผ[0m
2020-11-01 16:31:59,475 - ERROR - logger.py[:136] - [31m[1merror: found "xpath=>//*[@id="top_login_frame"]" timeout๏ผ[0m
2020-11-01 16:32:10,524 - ERROR - logger.py[:136] - [31m[1m็นๅป้กต้ขๅ็ด:xpath=>/html/body/div[2]/div/div[3]/a,ๅคฑ่ดฅ๏ผ๏ผ๏ผ[0m
2020-11-01 16:37:01,538 - ERROR - logger.py[:136] - [31m[1merror: found "//iframe[starts-with(@id, 'top_login_frame')]" timeout๏ผ[0m
2020-11-01 16:37:12,630 - ERROR - logger.py[:136] - [31m[1m็นๅป้กต้ขๅ็ด:xpath=>/html/body/div[2]/div/div[3]/a,ๅคฑ่ดฅ๏ผ๏ผ๏ผ[0m
2020-11-01 16:39:07,743 - ERROR - logger.py[:136] - [31m[1m ็ปๆๆง่ก test_login_success ๆต่ฏ็จไพ๏ผ ๆต่ฏ็ปๆ --- False [0m
2020-11-01 16:49:02,201 - ERROR - logger.py[:136] - [31m[1merror: found "//iframe[starts-with(@id, 'top_login_frame')]" timeout๏ผ[0m
2020-11-01 23:21:50,948 - ERROR - logger.py[:136] - [31m[1m็นๅป้กต้ขๅ็ด:xpath=>//div[@class='tc-lo-main height515']//@href,ๅคฑ่ดฅ๏ผ๏ผ๏ผ[0m
2020-11-01 23:23:12,650 - ERROR - logger.py[:136] - [31m[1m็นๅป้กต้ขๅ็ด:xpath=>//div[@class='tc-lo-main height515']//@href,ๅคฑ่ดฅ๏ผ๏ผ๏ผ[0m
2020-11-01 23:28:02,236 - ERROR - logger.py[:136] - [31m[1m,ๅๆขๅฐไธป้กต้ข ๅคฑ่ดฅ๏ผ๏ผ๏ผ[0m
2020-11-01 23:30:45,948 - ERROR - logger.py[:136] - [31m[1m,ๅๆขๅฐไธป้กต้ข ๅคฑ่ดฅ๏ผ๏ผ๏ผ[0m
2020-11-01 23:40:09,211 - ERROR - logger.py[:136] - [31m[1m ็ปๆๆง่ก test_login_success ๆต่ฏ็จไพ๏ผ ๆต่ฏ็ปๆ --- False [0m
2020-11-01 23:42:27,499 - ERROR - logger.py[:136] - [31m[1m ็ปๆๆง่ก test_login_success ๆต่ฏ็จไพ๏ผ ๆต่ฏ็ปๆ --- False [0m
2020-11-01 23:50:20,526 - ERROR - logger.py[:136] - [31m[1m,้กต้ขๅ็ด็ๆๆฌ่ทๅๅคฑ่ดฅ๏ผ๏ผ๏ผ[0m
2020-11-01 23:50:20,646 - ERROR - logger.py[:136] - [31m[1m,้กต้ขๅ็ด็ๆๆฌ่ทๅๅคฑ่ดฅ๏ผ๏ผ๏ผ[0m
2020-11-01 23:50:20,646 - ERROR - logger.py[:136] - [31m[1m ็ปๆๆง่ก test_login_success ๆต่ฏ็จไพ๏ผ ๆต่ฏ็ปๆ --- False [0m
2020-11-01 23:50:56,617 - ERROR - logger.py[:136] - [31m[1m็จๆท็ฎก็้กต้ข_้ช่ฏ็ปๅฝๅ่ฝ,้กต้ขๅ็ด็ๆๆฌ่ทๅๅคฑ่ดฅ๏ผ๏ผ๏ผ[0m
2020-11-01 23:50:56,715 - ERROR - logger.py[:136] - [31m[1m็จๆท็ฎก็้กต้ข_้ช่ฏ็ปๅฝๅ่ฝ,้กต้ขๅ็ด็ๆๆฌ่ทๅๅคฑ่ดฅ๏ผ๏ผ๏ผ[0m
2020-11-01 23:50:56,716 - ERROR - logger.py[:136] - [31m[1m ็ปๆๆง่ก test_login_success ๆต่ฏ็จไพ๏ผ ๆต่ฏ็ปๆ --- False [0m
2020-11-02 00:01:29,134 - ERROR - logger.py[:136] - [31m[1m็จๆท็ฎก็้กต้ข_้ช่ฏ็ปๅฝๅ่ฝ,้กต้ขๅ็ด็ๅฑๆง่ทๅ ๅคฑ่ดฅ๏ผ๏ผ๏ผ[0m
2020-11-02 00:01:29,164 - ERROR - logger.py[:136] - [31m[1m็จๆท็ฎก็้กต้ข_้ช่ฏ็ปๅฝๅ่ฝ,้กต้ขๅ็ด็ๅฑๆง่ทๅ ๅคฑ่ดฅ๏ผ๏ผ๏ผ[0m
2020-11-02 00:01:29,164 - ERROR - logger.py[:136] - [31m[1m ็ปๆๆง่ก test_login_success ๆต่ฏ็จไพ๏ผ ๆต่ฏ็ปๆ --- False [0m
2020-11-02 00:02:42,876 - ERROR - logger.py[:136] - [31m[1m็จๆท็ฎก็้กต้ข_้ช่ฏ็ปๅฝๅ่ฝ,้กต้ขๅ็ด็ๆๆฌ่ทๅๅคฑ่ดฅ๏ผ๏ผ๏ผ[0m
2020-11-02 00:02:42,906 - ERROR - logger.py[:136] - [31m[1m็จๆท็ฎก็้กต้ข_้ช่ฏ็ปๅฝๅ่ฝ,้กต้ขๅ็ด็ๆๆฌ่ทๅๅคฑ่ดฅ๏ผ๏ผ๏ผ[0m
2020-11-02 00:02:42,907 - ERROR - logger.py[:136] - [31m[1m ็ปๆๆง่ก test_login_success ๆต่ฏ็จไพ๏ผ ๆต่ฏ็ปๆ --- False [0m
2020-11-02 00:03:16,654 - ERROR - logger.py[:136] - [31m[1m็จๆท็ฎก็้กต้ข_้ช่ฏ็ปๅฝๅ่ฝ - ้ผๆๆฌๅๆไฝ ๅคฑ่ดฅ๏ผ๏ผ๏ผ[0m
2020-11-02 00:03:18,941 - ERROR - logger.py[:136] - [31m[1m็จๆท็ฎก็้กต้ข_้ช่ฏ็ปๅฝๅ่ฝ,้กต้ขๅ็ด็ๆๆฌ่ทๅๅคฑ่ดฅ๏ผ๏ผ๏ผ[0m
2020-11-02 00:03:18,941 - ERROR - logger.py[:136] - [31m[1m ็ปๆๆง่ก test_login_success ๆต่ฏ็จไพ๏ผ ๆต่ฏ็ปๆ --- False [0m
2020-11-03 21:46:05,737 - ERROR - logger.py[:136] - [31m[1m็ปๅฝ้กต้ข_็ปๅฝๅ่ฝ - ้กต้ขๅ็ด่พๅฅๅคฑ่ดฅ๏ผ๏ผ๏ผ[0m
2020-11-03 21:48:52,502 - ERROR - logger.py[:136] - [31m[1m็ปๅฝ้กต้ข_็ปๅฝๅ่ฝ - ้กต้ขๅ็ด่พๅฅๅคฑ่ดฅ๏ผ๏ผ๏ผ[0m
2020-11-03 21:51:47,729 - ERROR - logger.py[:136] - [31m[1m็ปๅฝ้กต้ข_็ปๅฝๅ่ฝ - ้กต้ขๅ็ด่พๅฅๅคฑ่ดฅ๏ผ๏ผ๏ผ[0m
2020-11-03 21:53:04,508 - ERROR - logger.py[:136] - [31m[1m็ปๅฝ้กต้ข_็ปๅฝๅ่ฝ - ้กต้ขๅ็ด่พๅฅๅคฑ่ดฅ๏ผ๏ผ๏ผ[0m
